Watching for file changes with StatReloader
Waiting for apps ready_event.
Apps ready_event triggered. Sending autoreload_started signal.
Watching dir C:\hellodjango\locale with glob **/*.mo.
(0.000) 
            SELECT name, type FROM sqlite_master
            WHERE type in ('table', 'view') AND NOT name='sqlite_sequence'
            ORDER BY name; args=None
File C:\py3.8\Lib\site-packages\django\contrib\messages\constants.py first seen with mtime 1622879954.1568706
File C:\py3.8\Lib\site-packages\django\db\models\expressions.py first seen with mtime 1622879955.068837
File C:\Program Files\Python38\Lib\selectors.py first seen with mtime 1620014042.0
File C:\py3.8\Lib\site-packages\django\db\migrations\operations\models.py first seen with mtime 1622879955.0598612
File C:\py3.8\Lib\site-packages\django\utils\http.py first seen with mtime 1622879955.2264156
File C:\py3.8\Lib\site-packages\django\dispatch\dispatcher.py first seen with mtime 1622879955.0997546
File C:\py3.8\Lib\site-packages\django\db\models\indexes.py first seen with mtime 1622879955.0698347
File C:\py3.8\Lib\site-packages\sqlparse\__init__.py first seen with mtime 1622879951.3845873
File C:\py3.8\Lib\site-packages\django\core\checks\security\base.py first seen with mtime 1622879954.9401815
File C:\Program Files\Python38\Lib\site.py first seen with mtime 1620014042.0
File C:\Program Files\Python38\Lib\decimal.py first seen with mtime 1620014042.0
File C:\py3.8\Lib\site-packages\django\forms\__init__.py first seen with mtime 1622879955.1017492
File C:\Program Files\Python38\Lib\asyncio\selector_events.py first seen with mtime 1620014042.0
File C:\Program Files\Python38\Lib\contextlib.py first seen with mtime 1620014042.0
File C:\py3.8\Lib\site-packages\django\core\management\commands\runserver.py first seen with mtime 1622879954.980075
File C:\Program Files\Python38\Lib\base64.py first seen with mtime 1620014042.0
File C:\Program Files\Python38\DLLs\_sqlite3.pyd first seen with mtime 1620014086.0
File C:\py3.8\Lib\site-packages\django\contrib\staticfiles\finders.py first seen with mtime 1622879954.904277
File C:\Program Files\Python38\Lib\codecs.py first seen with mtime 1620014042.0
File C:\Program Files\Python38\Lib\urllib\response.py first seen with mtime 1620014044.0
File C:\Program Files\Python38\DLLs\_hashlib.pyd first seen with mtime 1620014086.0
File C:\Program Files\Python38\Lib\_sitebuiltins.py first seen with mtime 1620014042.0
File C:\Program Files\Python38\Lib\http\client.py first seen with mtime 1620014042.0
File C:\py3.8\Lib\site-packages\django\contrib\auth\backends.py first seen with mtime 1622879953.080548
File C:\py3.8\Lib\site-packages\django\db\models\fields\related_lookups.py first seen with mtime 1622879955.0837975
File C:\Program Files\Python38\Lib\email\charset.py first seen with mtime 1620014042.0
File C:\py3.8\Lib\site-packages\django\contrib\admin\exceptions.py first seen with mtime 1622879952.3874526
File C:\py3.8\Lib\site-packages\django\dispatch\__init__.py first seen with mtime 1622879955.098757
File C:\py3.8\Lib\site-packages\django\contrib\staticfiles\utils.py first seen with mtime 1622879954.9082668
File C:\Program Files\Python38\Lib\wsgiref\__init__.py first seen with mtime 1620014044.0
File C:\py3.8\Lib\site-packages\django\utils\dateformat.py first seen with mtime 1622879955.2154455
File C:\py3.8\Lib\site-packages\django\core\files\temp.py first seen with mtime 1622879954.9461653
File C:\py3.8\Lib\site-packages\django\template\backends\django.py first seen with mtime 1622879955.1835303
File C:\py3.8\Lib\site-packages\django\utils\safestring.py first seen with mtime 1622879955.2343943
File C:\py3.8\Lib\site-packages\django\db\migrations\operations\__init__.py first seen with mtime 1622879955.056869
File C:\py3.8\Lib\site-packages\django\db\models\fields\proxy.py first seen with mtime 1622879955.0808053
File C:\py3.8\Lib\site-packages\django\urls\exceptions.py first seen with mtime 1622879955.2054715
File C:\Program Files\Python38\Lib\email\mime\nonmultipart.py first seen with mtime 1620014042.0
File C:\Program Files\Python38\Lib\io.py first seen with mtime 1620014042.0
File C:\Program Files\Python38\Lib\email\quoprimime.py first seen with mtime 1620014042.0
File C:\Program Files\Python38\Lib\asyncio\transports.py first seen with mtime 1620014042.0
File C:\py3.8\Lib\site-packages\django\db\models\functions\window.py first seen with mtime 1622879955.090779
File C:\Program Files\Python38\Lib\numbers.py first seen with mtime 1620014042.0
File C:\py3.8\Lib\site-packages\django\db\migrations\migration.py first seen with mtime 1622879955.049888
File C:\Program Files\Python38\Lib\fnmatch.py first seen with mtime 1620014042.0
File C:\py3.8\Lib\site-packages\django\utils\datastructures.py first seen with mtime 1622879955.2144477
File C:\py3.8\Lib\site-packages\sqlparse\lexer.py first seen with mtime 1622879951.3943853
File C:\Program Files\Python38\Lib\copyreg.py first seen with mtime 1620014042.0
File C:\Program Files\Python38\Lib\asyncio\windows_events.py first seen with mtime 1620014042.0
File C:\py3.8\Lib\site-packages\django\contrib\admin\checks.py first seen with mtime 1622879952.3854582
File C:\Program Files\Python38\Lib\uuid.py first seen with mtime 1620014044.0
File C:\Program Files\Python38\DLLs\_overlapped.pyd first seen with mtime 1620014086.0
File C:\Program Files\Python38\Lib\asyncio\trsock.py first seen with mtime 1620014042.0
File C:\py3.8\Lib\site-packages\django\views\decorators\cache.py first seen with mtime 1622879955.25135
File C:\py3.8\Lib\site-packages\django\contrib\contenttypes\management\__init__.py first seen with mtime 1622879953.4953308
File C:\py3.8\Lib\site-packages\django\utils\connection.py first seen with mtime 1622879955.213451
File C:\Program Files\Python38\Lib\types.py first seen with mtime 1620014044.0
File C:\py3.8\Lib\site-packages\django\contrib\auth\base_user.py first seen with mtime 1622879953.081548
File C:\py3.8\Lib\site-packages\django\template\exceptions.py first seen with mtime 1622879955.1765492
File C:\Program Files\Python38\Lib\os.py first seen with mtime 1620014042.0
File C:\py3.8\Lib\site-packages\django\core\serializers\python.py first seen with mtime 1622879954.9930398
File C:\py3.8\Lib\site-packages\sqlparse\filters\aligned_indent.py first seen with mtime 1622879951.402568
File C:\py3.8\Lib\site-packages\django\template\engine.py first seen with mtime 1622879955.1755524
File C:\py3.8\Lib\site-packages\django\views\decorators\debug.py first seen with mtime 1622879955.2563357
File C:\Program Files\Python38\Lib\encodings\latin_1.py first seen with mtime 1620014042.0
File C:\Program Files\Python38\Lib\urllib\error.py first seen with mtime 1620014044.0
File C:\py3.8\Lib\site-packages\django\db\backends\sqlite3\creation.py first seen with mtime 1622879955.0399148
File C:\py3.8\Lib\site-packages\django\db\backends\__init__.py first seen with mtime 1622879954.999024
File C:\py3.8\Lib\site-packages\django\core\cache\__init__.py first seen with mtime 1622879954.9232268
File C:\py3.8\Lib\site-packages\django\core\serializers\base.py first seen with mtime 1622879954.990048
File C:\py3.8\Lib\site-packages\django\utils\log.py first seen with mtime 1622879955.2294075
File C:\Program Files\Python38\Lib\abc.py first seen with mtime 1620014042.0
File C:\py3.8\Lib\site-packages\django\utils\deprecation.py first seen with mtime 1622879955.2194345
File C:\py3.8\Lib\site-packages\pytz\__init__.py first seen with mtime 1622879951.4868248
File C:\Program Files\Python38\Lib\pkgutil.py first seen with mtime 1620014042.0
File C:\py3.8\Lib\site-packages\django\views\generic\list.py first seen with mtime 1622879955.2643144
File C:\py3.8\Lib\site-packages\django\views\i18n.py first seen with mtime 1622879955.2493544
File C:\py3.8\Lib\site-packages\django\http\multipartparser.py first seen with mtime 1622879955.1595943
File C:\py3.8\Lib\site-packages\django\core\files\base.py first seen with mtime 1622879954.9431734
File C:\Program Files\Python38\Lib\_weakrefset.py first seen with mtime 1620014042.0
File C:\Program Files\Python38\Lib\asyncio\format_helpers.py first seen with mtime 1620014042.0
File C:\Program Files\Python38\Lib\asyncio\sslproto.py first seen with mtime 1620014042.0
File C:\py3.8\Lib\site-packages\django\contrib\admin\views\autocomplete.py first seen with mtime 1622879952.9003308
File C:\Program Files\Python38\Lib\encodings\aliases.py first seen with mtime 1620014042.0
File C:\Program Files\Python38\Lib\http\cookies.py first seen with mtime 1620014042.0
File C:\py3.8\Lib\site-packages\django\utils\regex_helper.py first seen with mtime 1622879955.233397
File C:\py3.8\Lib\site-packages\django\core\files\utils.py first seen with mtime 1622879954.9491575
File C:\Program Files\Python38\Lib\html\__init__.py first seen with mtime 1620014042.0
File C:\py3.8\Lib\site-packages\django\core\checks\templates.py first seen with mtime 1622879954.9361918
File C:\py3.8\Lib\site-packages\django\template\context.py first seen with mtime 1622879955.1725597
File C:\py3.8\Lib\site-packages\django\template\loaders\app_directories.py first seen with mtime 1622879955.1875198
File C:\Program Files\Python38\Lib\asyncio\base_events.py first seen with mtime 1620014042.0
File C:\py3.8\Lib\site-packages\django\contrib\admin\models.py first seen with mtime 1622879952.3904448
File C:\py3.8\Lib\site-packages\sqlparse\filters\others.py first seen with mtime 1622879951.4035654
File C:\py3.8\Lib\site-packages\django\db\models\sql\where.py first seen with mtime 1622879955.0977597
File C:\py3.8\Lib\site-packages\django\contrib\admin\widgets.py first seen with mtime 1622879952.3944345
File C:\Program Files\Python38\Lib\_compression.py first seen with mtime 1620014042.0
File C:\py3.8\Lib\site-packages\django\db\backends\sqlite3\introspection.py first seen with mtime 1622879955.040912
File C:\py3.8\Lib\site-packages\django\utils\translation\__init__.py first seen with mtime 1622879955.2413757
File C:\Program Files\Python38\Lib\nturl2path.py first seen with mtime 1620014042.0
File C:\Program Files\Python38\DLLs\_lzma.pyd first seen with mtime 1620014086.0
File C:\py3.8\Lib\site-packages\django\apps\config.py first seen with mtime 1622879952.06564
File C:\py3.8\Lib\site-packages\django\db\models\fields\mixins.py first seen with mtime 1622879955.079808
File C:\Program Files\Python38\Lib\distutils\__init__.py first seen with mtime 1620014042.0
File C:\Program Files\Python38\Lib\keyword.py first seen with mtime 1620014042.0
File C:\py3.8\Lib\site-packages\django\db\__init__.py first seen with mtime 1622879954.9970293
File C:\py3.8\Lib\site-packages\django\db\models\query.py first seen with mtime 1622879955.0738242
File C:\py3.8\Lib\site-packages\django\core\checks\security\sessions.py first seen with mtime 1622879954.9411788
File C:\Program Files\Python38\Lib\email\iterators.py first seen with mtime 1620014042.0
File C:\py3.8\Lib\site-packages\django\core\signing.py first seen with mtime 1622879954.921232
File C:\py3.8\Lib\site-packages\django\db\backends\sqlite3\client.py first seen with mtime 1622879955.038917
File C:\py3.8\Lib\site-packages\django\utils\datetime_safe.py first seen with mtime 1622879955.2174397
File C:\py3.8\Lib\site-packages\sqlparse\engine\statement_splitter.py first seen with mtime 1622879951.4005737
File C:\py3.8\Lib\site-packages\django\contrib\admin\templatetags\admin_urls.py first seen with mtime 1622879952.8963368
File C:\py3.8\Lib\site-packages\django\core\mail\utils.py first seen with mtime 1622879954.9561386
File C:\Program Files\Python38\Lib\stat.py first seen with mtime 1620014042.0
File C:\py3.8\Lib\site-packages\django\db\models\functions\text.py first seen with mtime 1622879955.0897815
File C:\py3.8\Lib\site-packages\django\contrib\sites\shortcuts.py first seen with mtime 1622879954.6899247
File C:\py3.8\Lib\site-packages\django\core\files\move.py first seen with mtime 1622879954.945168
File C:\py3.8\Lib\site-packages\django\db\backends\sqlite3\operations.py first seen with mtime 1622879955.0419092
File C:\py3.8\Lib\site-packages\django\template\smartif.py first seen with mtime 1622879955.180539
File C:\py3.8\Lib\site-packages\django\views\generic\dates.py first seen with mtime 1622879955.2613223
File C:\Program Files\Python38\Lib\html\entities.py first seen with mtime 1620014042.0
File C:\Program Files\Python38\Lib\email\mime\text.py first seen with mtime 1620014042.0
File C:\Program Files\Python38\Lib\sre_constants.py first seen with mtime 1620014042.0
File C:\py3.8\Lib\site-packages\django\contrib\admin\actions.py first seen with mtime 1622879952.3844607
File C:\py3.8\Lib\site-packages\django\core\handlers\base.py first seen with mtime 1622879954.9521492
File C:\py3.8\Lib\site-packages\django\template\autoreload.py first seen with mtime 1622879955.1705654
File C:\py3.8\Lib\site-packages\django\contrib\admin\helpers.py first seen with mtime 1622879952.3894475
File C:\py3.8\Lib\site-packages\django\contrib\auth\middleware.py first seen with mtime 1622879953.0868502
File C:\py3.8\Lib\site-packages\django\db\backends\base\__init__.py first seen with mtime 1622879955.0020163
File C:\py3.8\Lib\site-packages\django\db\models\__init__.py first seen with mtime 1622879955.0618558
File C:\Program Files\Python38\Lib\sre_compile.py first seen with mtime 1620014042.0
File C:\py3.8\Lib\site-packages\django\contrib\staticfiles\management\commands\__init__.py first seen with mtime 1622879954.9112585
File C:\py3.8\Lib\site-packages\django\contrib\staticfiles\handlers.py first seen with mtime 1622879954.9052746
File C:\Program Files\Python38\Lib\traceback.py first seen with mtime 1620014044.0
File C:\py3.8\Lib\site-packages\django\forms\widgets.py first seen with mtime 1622879955.1087303
File C:\py3.8\Lib\site-packages\django\utils\html.py first seen with mtime 1622879955.2254183
File C:\py3.8\Lib\site-packages\django\utils\functional.py first seen with mtime 1622879955.223428
File C:\py3.8\Lib\site-packages\django\template\response.py first seen with mtime 1622879955.179541
File C:\py3.8\Lib\site-packages\django\templatetags\cache.py first seen with mtime 1622879955.191509
File C:\py3.8\Lib\site-packages\django\contrib\messages\api.py first seen with mtime 1622879954.1558735
File C:\py3.8\Lib\site-packages\django\db\backends\sqlite3\base.py first seen with mtime 1622879955.0379202
File C:\py3.8\Lib\site-packages\django\views\defaults.py first seen with mtime 1622879955.2483575
File C:\Program Files\Python38\Lib\email\headerregistry.py first seen with mtime 1620014042.0
File C:\py3.8\Lib\site-packages\django\contrib\admin\__init__.py first seen with mtime 1622879952.383505
File C:\py3.8\Lib\site-packages\django\utils\formats.py first seen with mtime 1622879955.223428
File C:\Program Files\Python38\Lib\weakref.py first seen with mtime 1620014044.0
File C:\Program Files\Python38\Lib\re.py first seen with mtime 1620014042.0
File C:\py3.8\Lib\site-packages\django\db\backends\base\validation.py first seen with mtime 1622879955.008
File C:\Program Files\Python38\Lib\struct.py first seen with mtime 1620014042.0
File C:\Program Files\Python38\Lib\distutils\version.py first seen with mtime 1620014042.0
File C:\py3.8\Lib\site-packages\django\http\cookie.py first seen with mtime 1622879955.158597
File C:\py3.8\Lib\site-packages\_virtualenv.py first seen with mtime 1622879752.139401
File C:\py3.8\Lib\site-packages\django\urls\__init__.py first seen with mtime 1622879955.2024796
File C:\Program Files\Python38\Lib\json\scanner.py first seen with mtime 1620014042.0
File C:\py3.8\Lib\site-packages\sqlparse\engine\__init__.py first seen with mtime 1622879951.3985786
File C:\py3.8\Lib\site-packages\django\contrib\admin\apps.py first seen with mtime 1622879952.3844607
File C:\py3.8\Lib\site-packages\django\utils\autoreload.py first seen with mtime 1622879955.2104583
File C:\py3.8\Lib\site-packages\django\contrib\admin\views\__init__.py first seen with mtime 1622879952.8983314
File C:\Program Files\Python38\Lib\concurrent\futures\_base.py first seen with mtime 1620014042.0
File C:\py3.8\Lib\site-packages\django\core\servers\__init__.py first seen with mtime 1622879954.9950345
File C:\py3.8\Lib\site-packages\django\utils\crypto.py first seen with mtime 1622879955.213451
File C:\Program Files\Python38\Lib\email\errors.py first seen with mtime 1620014042.0
File C:\py3.8\Lib\site-packages\django\utils\lorem_ipsum.py first seen with mtime 1622879955.230405
File C:\Program Files\Python38\Lib\logging\config.py first seen with mtime 1620014042.0
File C:\Program Files\Python38\Lib\cgi.py first seen with mtime 1620014042.0
File C:\py3.8\Lib\site-packages\django\template\defaulttags.py first seen with mtime 1622879955.1755524
File C:\py3.8\Lib\site-packages\django\core\handlers\wsgi.py first seen with mtime 1622879954.9531467
File C:\Program Files\Python38\Lib\json\decoder.py first seen with mtime 1620014042.0
File C:\py3.8\Lib\site-packages\sqlparse\filters\output.py first seen with mtime 1622879951.4045625
File C:\py3.8\Lib\site-packages\django\contrib\sessions\models.py first seen with mtime 1622879954.4910977
File C:\Program Files\Python38\DLLs\_socket.pyd first seen with mtime 1620014086.0
File C:\py3.8\Lib\site-packages\django\template\__init__.py first seen with mtime 1622879955.1695676
File C:\Program Files\Python38\Lib\threading.py first seen with mtime 1620014044.0
File C:\Program Files\Python38\Lib\asyncio\events.py first seen with mtime 1620014042.0
File C:\py3.8\Lib\site-packages\django\utils\timezone.py first seen with mtime 1622879955.2373865
File C:\py3.8\Lib\site-packages\django\middleware\cache.py first seen with mtime 1622879955.1625865
File C:\py3.8\Lib\site-packages\sqlparse\filters\tokens.py first seen with mtime 1622879951.4065573
File C:\py3.8\Lib\site-packages\django\http\request.py first seen with mtime 1622879955.1605916
File C:\Program Files\Python38\Lib\heapq.py first seen with mtime 1620014042.0
File C:\Program Files\Python38\Lib\asyncio\queues.py first seen with mtime 1620014042.0
File C:\py3.8\Lib\site-packages\django\apps\registry.py first seen with mtime 1622879952.0666358
File C:\py3.8\Lib\site-packages\django\contrib\staticfiles\__init__.py first seen with mtime 1622879954.9012856
File C:\py3.8\Lib\site-packages\django\forms\fields.py first seen with mtime 1622879955.1037438
File C:\py3.8\Lib\site-packages\django\contrib\sites\__init__.py first seen with mtime 1622879954.6829448
File C:\Program Files\Python38\Lib\unittest\result.py first seen with mtime 1620014044.0
File C:\py3.8\Lib\site-packages\django\core\files\locks.py first seen with mtime 1622879954.9441707
File C:\py3.8\Lib\site-packages\django\views\generic\base.py first seen with mtime 1622879955.2613223
File C:\py3.8\Lib\site-packages\django\core\cache\backends\base.py first seen with mtime 1622879954.9262185
File C:\Program Files\Python38\Lib\argparse.py first seen with mtime 1620014042.0
File C:\Program Files\Python38\Lib\datetime.py first seen with mtime 1620014042.0
File C:\Program Files\Python38\Lib\collections\abc.py first seen with mtime 1620014042.0
File C:\Program Files\Python38\Lib\fractions.py first seen with mtime 1620014042.0
File C:\py3.8\Lib\site-packages\django\db\transaction.py first seen with mtime 1622879954.9970293
File C:\py3.8\Lib\site-packages\django\core\exceptions.py first seen with mtime 1622879954.91824
File C:\py3.8\Lib\site-packages\django\core\wsgi.py first seen with mtime 1622879954.9232268
File C:\Program Files\Python38\Lib\uu.py first seen with mtime 1620014044.0
File C:\py3.8\Lib\site-packages\django\conf\urls\__init__.py first seen with mtime 1622879952.3803093
File C:\Program Files\Python38\Lib\http\server.py first seen with mtime 1620014042.0
File C:\py3.8\Lib\site-packages\django\views\__init__.py first seen with mtime 1622879955.245365
File C:\Program Files\Python38\Lib\collections\__init__.py first seen with mtime 1620014042.0
File C:\Program Files\Python38\Lib\ssl.py first seen with mtime 1620014042.0
File C:\py3.8\Lib\site-packages\django\utils\__init__.py first seen with mtime 1622879955.2074664
File C:\Program Files\Python38\Lib\dis.py first seen with mtime 1620014042.0
File C:\py3.8\Lib\site-packages\django\core\checks\security\csrf.py first seen with mtime 1622879954.9401815
File C:\Program Files\Python38\Lib\calendar.py first seen with mtime 1620014042.0
File C:\Program Files\Python38\Lib\asyncio\log.py first seen with mtime 1620014042.0
File C:\Program Files\Python38\Lib\token.py first seen with mtime 1620014044.0
File C:\Program Files\Python38\Lib\sqlite3\dbapi2.py first seen with mtime 1620014042.0
File C:\py3.8\Lib\site-packages\django\utils\module_loading.py first seen with mtime 1622879955.2314022
File C:\Program Files\Python38\Lib\asyncio\exceptions.py first seen with mtime 1620014042.0
File C:\Program Files\Python38\Lib\email\mime\base.py first seen with mtime 1620014042.0
File C:\Program Files\Python38\Lib\ntpath.py first seen with mtime 1620014042.0
File C:\py3.8\Lib\site-packages\sqlparse\filters\reindent.py first seen with mtime 1622879951.4055603
File C:\py3.8\Lib\site-packages\asgiref\local.py first seen with mtime 1622879951.9974804
File C:\py3.8\Lib\site-packages\django\contrib\staticfiles\management\__init__.py first seen with mtime 1622879954.910273
File C:\py3.8\Lib\site-packages\django\db\models\deletion.py first seen with mtime 1622879955.0668426
File C:\py3.8\Lib\site-packages\django\contrib\sessions\__init__.py first seen with mtime 1622879954.488106
File C:\py3.8\Lib\site-packages\django\db\models\sql\datastructures.py first seen with mtime 1622879955.0947676
File C:\Program Files\Python38\Lib\queue.py first seen with mtime 1620014042.0
File C:\Program Files\Python38\Lib\asyncio\subprocess.py first seen with mtime 1620014042.0
File C:\Program Files\Python38\Lib\asyncio\base_subprocess.py first seen with mtime 1620014042.0
File C:\py3.8\Lib\site-packages\django\template\loaders\base.py first seen with mtime 1622879955.1875198
File C:\py3.8\Lib\site-packages\django\db\models\constants.py first seen with mtime 1622879955.0648477
File C:\py3.8\Lib\site-packages\django\forms\utils.py first seen with mtime 1622879955.107733
File C:\py3.8\Lib\site-packages\django\db\models\fields\json.py first seen with mtime 1622879955.0788105
File C:\py3.8\Lib\site-packages\django\core\handlers\asgi.py first seen with mtime 1622879954.9511518
File C:\py3.8\Lib\site-packages\django\db\migrations\operations\special.py first seen with mtime 1622879955.0608585
File C:\py3.8\Lib\site-packages\django\contrib\sessions\apps.py first seen with mtime 1622879954.488106
File C:\py3.8\Lib\site-packages\django\views\decorators\common.py first seen with mtime 1622879955.253345
File C:\Program Files\Python38\Lib\encodings\cp950.py first seen with mtime 1620014042.0
File C:\Program Files\Python38\Lib\concurrent\futures\__init__.py first seen with mtime 1620014042.0
File C:\Program Files\Python38\Lib\socket.py first seen with mtime 1620014042.0
File C:\py3.8\Lib\site-packages\django\utils\ipv6.py first seen with mtime 1622879955.2274127
File C:\py3.8\Lib\site-packages\django\contrib\contenttypes\fields.py first seen with mtime 1622879953.3263245
File C:\py3.8\Lib\site-packages\django\views\csrf.py first seen with mtime 1622879955.2463622
File C:\py3.8\Lib\site-packages\django\db\models\constraints.py first seen with mtime 1622879955.0658453
File C:\Program Files\Python38\Lib\unittest\signals.py first seen with mtime 1620014044.0
File C:\py3.8\Lib\site-packages\django\contrib\messages\storage\__init__.py first seen with mtime 1622879954.16086
File C:\py3.8\Lib\site-packages\django\utils\dateparse.py first seen with mtime 1622879955.2164426
File C:\py3.8\Lib\site-packages\django\utils\itercompat.py first seen with mtime 1622879955.22841
File C:\py3.8\Lib\site-packages\django\utils\version.py first seen with mtime 1622879955.239381
File C:\py3.8\Lib\site-packages\django\core\checks\__init__.py first seen with mtime 1622879954.9302082
File C:\py3.8\Lib\site-packages\django\core\files\uploadedfile.py first seen with mtime 1622879954.9471624
File C:\py3.8\Lib\site-packages\django\core\mail\message.py first seen with mtime 1622879954.9551415
File C:\py3.8\Lib\site-packages\django\db\backends\base\features.py first seen with mtime 1622879955.0050077
File C:\py3.8\Lib\site-packages\django\db\models\manager.py first seen with mtime 1622879955.0718293
File C:\py3.8\Lib\site-packages\django\utils\_os.py first seen with mtime 1622879955.208464
File C:\Program Files\Python38\DLLs\_ssl.pyd first seen with mtime 1620014086.0
File C:\hellodjango\hellodjango\settings.py first seen with mtime 1622881916.6379929
File C:\Program Files\Python38\Lib\json\encoder.py first seen with mtime 1620014042.0
File C:\py3.8\Lib\site-packages\django\forms\renderers.py first seen with mtime 1622879955.106736
File C:\py3.8\Lib\site-packages\django\contrib\staticfiles\management\commands\runserver.py first seen with mtime 1622879954.9132533
File C:\py3.8\Lib\site-packages\django\core\files\__init__.py first seen with mtime 1622879954.942176
File C:\py3.8\Lib\site-packages\django\db\models\aggregates.py first seen with mtime 1622879955.062854
File C:\Program Files\Python38\Lib\asyncio\tasks.py first seen with mtime 1620014042.0
File C:\py3.8\Lib\site-packages\django\__init__.py first seen with mtime 1622879952.059799
File C:\py3.8\Lib\site-packages\django\db\models\fields\__init__.py first seen with mtime 1622879955.0778134
File C:\py3.8\Lib\site-packages\django\core\files\storage.py first seen with mtime 1622879954.9461653
File C:\py3.8\Lib\site-packages\django\template\loader_tags.py first seen with mtime 1622879955.1785436
File C:\Program Files\Python38\Lib\urllib\parse.py first seen with mtime 1620014044.0
File C:\py3.8\Lib\site-packages\django\contrib\staticfiles\checks.py first seen with mtime 1622879954.9032798
File C:\py3.8\Lib\site-packages\django\views\generic\detail.py first seen with mtime 1622879955.2623196
File C:\Program Files\Python38\Lib\asyncio\runners.py first seen with mtime 1620014042.0
File C:\Program Files\Python38\Lib\email\utils.py first seen with mtime 1620014042.0
File C:\Program Files\Python38\Lib\email\feedparser.py first seen with mtime 1620014042.0
File C:\hellodjango\hellodjango\__init__.py first seen with mtime 1622880138.2688718
File C:\Program Files\Python38\Lib\encodings\__init__.py first seen with mtime 1620014042.0
File C:\py3.8\Lib\site-packages\asgiref\sync.py first seen with mtime 1622879952.00046
File C:\py3.8\Lib\site-packages\django\template\loader.py first seen with mtime 1622879955.1785436
File C:\py3.8\Lib\site-packages\django\core\management\base.py first seen with mtime 1622879954.9641173
File C:\py3.8\Lib\site-packages\django\contrib\staticfiles\views.py first seen with mtime 1622879954.9092638
File C:\py3.8\Lib\site-packages\asgiref\current_thread_executor.py first seen with mtime 1622879951.9974804
File C:\Program Files\Python38\Lib\email\mime\multipart.py first seen with mtime 1620014042.0
File C:\Program Files\Python38\Lib\difflib.py first seen with mtime 1620014042.0
File C:\py3.8\Lib\site-packages\django\core\checks\messages.py first seen with mtime 1622879954.9332
File C:\py3.8\Lib\site-packages\django\db\models\fields\files.py first seen with mtime 1622879955.0788105
File C:\Program Files\Python38\Lib\posixpath.py first seen with mtime 1620014042.0
File C:\Program Files\Python38\Lib\asyncio\base_futures.py first seen with mtime 1620014042.0
File C:\Program Files\Python38\Lib\urllib\request.py first seen with mtime 1620014044.0
File C:\Program Files\Python38\Lib\asyncio\futures.py first seen with mtime 1620014042.0
File C:\py3.8\Lib\site-packages\django\utils\topological_sort.py first seen with mtime 1622879955.2383835
File C:\Program Files\Python38\Lib\ipaddress.py first seen with mtime 1620014042.0
File C:\Program Files\Python38\Lib\asyncio\locks.py first seen with mtime 1620014042.0
File C:\py3.8\Lib\site-packages\django\views\decorators\csrf.py first seen with mtime 1622879955.2553394
File C:\py3.8\Lib\site-packages\django\contrib\auth\password_validation.py first seen with mtime 1622879953.088845
File C:\py3.8\Lib\site-packages\django\core\cache\backends\filebased.py first seen with mtime 1622879954.9282131
File C:\Program Files\Python38\Lib\email\parser.py first seen with mtime 1620014042.0
File C:\py3.8\Lib\site-packages\django\utils\duration.py first seen with mtime 1622879955.2204318
File C:\py3.8\Lib\site-packages\django\core\mail\__init__.py first seen with mtime 1622879954.954144
File C:\py3.8\Lib\site-packages\django\utils\termcolors.py first seen with mtime 1622879955.2353916
File C:\Program Files\Python38\Lib\contextvars.py first seen with mtime 1620014042.0
File C:\py3.8\Lib\site-packages\django\contrib\messages\__init__.py first seen with mtime 1622879954.1548786
File C:\py3.8\Lib\site-packages\django\utils\baseconv.py first seen with mtime 1622879955.2114556
File C:\py3.8\Lib\site-packages\django\core\files\uploadhandler.py first seen with mtime 1622879954.9481597
File C:\py3.8\Lib\site-packages\django\db\migrations\utils.py first seen with mtime 1622879955.0548742
File C:\Program Files\Python38\Lib\functools.py first seen with mtime 1620014042.0
File C:\Program Files\Python38\Lib\asyncio\protocols.py first seen with mtime 1620014042.0
File C:\py3.8\Lib\site-packages\django\template\backends\base.py first seen with mtime 1622879955.182533
File C:\py3.8\Lib\site-packages\django\db\models\sql\subqueries.py first seen with mtime 1622879955.0967624
File C:\Program Files\Python38\Lib\ctypes\_endian.py first seen with mtime 1620014042.0
File C:\py3.8\Lib\site-packages\django\template\defaultfilters.py first seen with mtime 1622879955.1745546
File C:\py3.8\Lib\site-packages\django\db\backends\utils.py first seen with mtime 1622879955.0010185
File C:\py3.8\Lib\site-packages\django\db\models\enums.py first seen with mtime 1622879955.0678399
File C:\Program Files\Python38\Lib\inspect.py first seen with mtime 1620014042.0
File C:\py3.8\Lib\site-packages\django\db\backends\base\schema.py first seen with mtime 1622879955.008
File C:\py3.8\Lib\site-packages\django\contrib\admin\templatetags\base.py first seen with mtime 1622879952.897334
File C:\py3.8\Lib\site-packages\django\core\signals.py first seen with mtime 1622879954.920235
File C:\Program Files\Python38\Lib\pprint.py first seen with mtime 1620014042.0
File C:\py3.8\Lib\site-packages\sqlparse\engine\grouping.py first seen with mtime 1622879951.399576
File C:\py3.8\Lib\site-packages\django\utils\encoding.py first seen with mtime 1622879955.221429
File C:\Program Files\Python38\Lib\unittest\async_case.py first seen with mtime 1620014044.0
File C:\py3.8\Lib\site-packages\sqlparse\engine\filter_stack.py first seen with mtime 1622879951.399576
File C:\py3.8\Lib\site-packages\django\db\backends\sqlite3\__init__.py first seen with mtime 1622879955.0369225
File C:\Program Files\Python38\Lib\concurrent\futures\thread.py first seen with mtime 1620014042.0
File C:\Program Files\Python38\Lib\mimetypes.py first seen with mtime 1620014042.0
File C:\py3.8\Lib\site-packages\django\contrib\contenttypes\forms.py first seen with mtime 1622879953.3263245
File C:\py3.8\Lib\site-packages\django\urls\resolvers.py first seen with mtime 1622879955.206469
File C:\py3.8\Lib\site-packages\django\views\static.py first seen with mtime 1622879955.250352
File C:\py3.8\Lib\site-packages\django\core\__init__.py first seen with mtime 1622879954.9162452
File C:\py3.8\Lib\site-packages\django\views\generic\edit.py first seen with mtime 1622879955.263317
File C:\py3.8\Lib\site-packages\pytz\lazy.py first seen with mtime 1622879951.4898176
File C:\Program Files\Python38\Lib\ctypes\__init__.py first seen with mtime 1620014042.0
File C:\py3.8\Lib\site-packages\sqlparse\formatter.py first seen with mtime 1622879951.3923888
File C:\py3.8\Lib\site-packages\django\contrib\auth\signals.py first seen with mtime 1622879953.0898423
File C:\Program Files\Python38\Lib\unittest\runner.py first seen with mtime 1620014044.0
File C:\py3.8\Lib\site-packages\django\contrib\auth\tokens.py first seen with mtime 1622879953.0908394
File C:\py3.8\Lib\site-packages\django\db\backends\base\client.py first seen with mtime 1622879955.0030136
File C:\Program Files\Python38\Lib\string.py first seen with mtime 1620014042.0
File C:\Program Files\Python38\Lib\pickle.py first seen with mtime 1620014042.0
File C:\Program Files\Python38\DLLs\_asyncio.pyd first seen with mtime 1620014086.0
File C:\py3.8\Lib\site-packages\django\contrib\contenttypes\checks.py first seen with mtime 1622879953.3253274
File C:\Program Files\Python38\Lib\genericpath.py first seen with mtime 1620014042.0
File C:\Program Files\Python38\Lib\asyncio\__init__.py first seen with mtime 1620014042.0
File C:\Program Files\Python38\Lib\concurrent\__init__.py first seen with mtime 1620014042.0
File C:\Program Files\Python38\Lib\opcode.py first seen with mtime 1620014042.0
File C:\py3.8\Lib\site-packages\django\contrib\admin\templatetags\log.py first seen with mtime 1622879952.8983314
File C:\py3.8\Lib\site-packages\django\contrib\contenttypes\views.py first seen with mtime 1622879953.328319
File C:\Program Files\Python38\Lib\asyncio\windows_utils.py first seen with mtime 1620014042.0
File C:\py3.8\Lib\site-packages\django\core\checks\security\__init__.py first seen with mtime 1622879954.9391837
File C:\py3.8\Lib\site-packages\django\http\__init__.py first seen with mtime 1622879955.1575997
File C:\Program Files\Python38\Lib\email\mime\message.py first seen with mtime 1620014042.0
File C:\py3.8\Lib\site-packages\django\contrib\auth\__init__.py first seen with mtime 1622879953.0785534
File C:\Program Files\Python38\Lib\unittest\suite.py first seen with mtime 1620014044.0
File C:\Program Files\Python38\Lib\asyncio\staggered.py first seen with mtime 1620014042.0
File C:\Program Files\Python38\Lib\email\header.py first seen with mtime 1620014042.0
File C:\Program Files\Python38\Lib\email\policy.py first seen with mtime 1620014042.0
File C:\py3.8\Lib\site-packages\django\utils\dates.py first seen with mtime 1622879955.2164426
File C:\py3.8\Lib\site-packages\django\contrib\admin\views\main.py first seen with mtime 1622879952.9013233
File C:\py3.8\Lib\site-packages\django\conf\global_settings.py first seen with mtime 1622879952.069856
File C:\py3.8\Lib\site-packages\django\db\models\base.py first seen with mtime 1622879955.0638504
File C:\Program Files\Python38\Lib\enum.py first seen with mtime 1620014042.0
File C:\py3.8\Lib\site-packages\django\views\generic\__init__.py first seen with mtime 1622879955.2603252
File C:\py3.8\Lib\site-packages\django\db\models\fields\reverse_related.py first seen with mtime 1622879955.0847943
File C:\Program Files\Python38\Lib\unittest\util.py first seen with mtime 1620014044.0
File C:\py3.8\Lib\site-packages\sqlparse\tokens.py first seen with mtime 1622879951.3965814
File C:\Program Files\Python38\Lib\getpass.py first seen with mtime 1620014042.0
File C:\Program Files\Python38\Lib\reprlib.py first seen with mtime 1620014042.0
File C:\py3.8\Lib\site-packages\django\core\checks\database.py first seen with mtime 1622879954.9332
File C:\py3.8\Lib\site-packages\django\db\models\utils.py first seen with mtime 1622879955.0758185
File C:\Program Files\Python38\Lib\wsgiref\handlers.py first seen with mtime 1620014044.0
File C:\Program Files\Python38\Lib\_markupbase.py first seen with mtime 1620014042.0
File C:\py3.8\Lib\site-packages\django\middleware\__init__.py first seen with mtime 1622879955.1615891
File C:\Program Files\Python38\Lib\asyncio\base_tasks.py first seen with mtime 1620014042.0
File C:\Program Files\Python38\Lib\gettext.py first seen with mtime 1620014042.0
File C:\py3.8\Lib\site-packages\django\forms\formsets.py first seen with mtime 1622879955.1047413
File C:\py3.8\Lib\site-packages\django\db\models\functions\__init__.py first seen with mtime 1622879955.085792
File C:\py3.8\Lib\site-packages\django\contrib\__init__.py first seen with mtime 1622879952.3823037
File C:\py3.8\Lib\site-packages\django\contrib\admin\utils.py first seen with mtime 1622879952.393437
File C:\Program Files\Python38\Lib\operator.py first seen with mtime 1620014042.0
File C:\py3.8\Lib\site-packages\django\urls\base.py first seen with mtime 1622879955.2034771
File C:\py3.8\Lib\site-packages\pytz\tzfile.py first seen with mtime 1622879951.4918249
File C:\py3.8\Lib\site-packages\django\contrib\staticfiles\apps.py first seen with mtime 1622879954.9022827
File C:\Program Files\Python38\Lib\socketserver.py first seen with mtime 1620014042.0
File C:\py3.8\Lib\site-packages\sqlparse\filters\__init__.py first seen with mtime 1622879951.4015749
File C:\Program Files\Python38\Lib\typing.py first seen with mtime 1620014044.0
File C:\py3.8\Lib\site-packages\django\template\loaders\filesystem.py first seen with mtime 1622879955.1895146
File C:\py3.8\Lib\site-packages\django\contrib\auth\admin.py first seen with mtime 1622879953.0795507
File C:\Program Files\Python38\Lib\email\mime\__init__.py first seen with mtime 1620014042.0
File C:\Program Files\Python38\DLLs\_ctypes.pyd first seen with mtime 1620014086.0
File C:\py3.8\Lib\site-packages\django\contrib\admin\filters.py first seen with mtime 1622879952.3884501
File C:\py3.8\Lib\site-packages\django\core\paginator.py first seen with mtime 1622879954.919237
File C:\py3.8\Lib\site-packages\django\urls\utils.py first seen with mtime 1622879955.206469
File C:\py3.8\Lib\site-packages\django\urls\conf.py first seen with mtime 1622879955.2034771
File C:\Program Files\Python38\Lib\email\_parseaddr.py first seen with mtime 1620014042.0
File C:\py3.8\Lib\site-packages\django\db\models\sql\__init__.py first seen with mtime 1622879955.0917757
File C:\py3.8\Lib\site-packages\django\templatetags\i18n.py first seen with mtime 1622879955.1925063
File C:\Program Files\Python38\Lib\email\message.py first seen with mtime 1620014042.0
File C:\Program Files\Python38\Lib\http\__init__.py first seen with mtime 1620014042.0
File C:\py3.8\Lib\site-packages\sqlparse\filters\right_margin.py first seen with mtime 1622879951.4065573
File C:\py3.8\Lib\site-packages\django\templatetags\tz.py first seen with mtime 1622879955.1945007
File C:\py3.8\Lib\site-packages\django\core\serializers\json.py first seen with mtime 1622879954.9910457
File C:\Program Files\Python38\Lib\unittest\case.py first seen with mtime 1620014044.0
File C:\Program Files\Python38\Lib\bz2.py first seen with mtime 1620014042.0
File C:\py3.8\Lib\site-packages\sqlparse\sql.py first seen with mtime 1622879951.395383
File C:\Program Files\Python38\Lib\sqlite3\__init__.py first seen with mtime 1620014042.0
File C:\py3.8\Lib\site-packages\django\template\loaders\__init__.py first seen with mtime 1622879955.1865222
File C:\py3.8\Lib\site-packages\django\db\migrations\operations\fields.py first seen with mtime 1622879955.0588639
File C:\py3.8\Lib\site-packages\sqlparse\utils.py first seen with mtime 1622879951.3975828
File C:\hellodjango\manage.py first seen with mtime 1622880138.2638853
File C:\py3.8\Lib\site-packages\django\contrib\contenttypes\models.py first seen with mtime 1622879953.327322
File C:\py3.8\Lib\site-packages\django\template\base.py first seen with mtime 1622879955.1715624
File C:\Program Files\Python38\Lib\random.py first seen with mtime 1620014042.0
File C:\py3.8\Lib\site-packages\django\contrib\sessions\middleware.py first seen with mtime 1622879954.4910977
File C:\py3.8\Lib\site-packages\django\contrib\admin\decorators.py first seen with mtime 1622879952.3864555
File C:\Program Files\Python38\Lib\secrets.py first seen with mtime 1620014042.0
File C:\Program Files\Python38\Lib\copy.py first seen with mtime 1620014042.0
File C:\Program Files\Python38\Lib\statistics.py first seen with mtime 1620014042.0
File C:\py3.8\Lib\site-packages\django\contrib\auth\forms.py first seen with mtime 1622879953.0848541
File C:\py3.8\Lib\site-packages\django\utils\cache.py first seen with mtime 1622879955.2124531
File C:\py3.8\Lib\site-packages\django\db\models\functions\mixins.py first seen with mtime 1622879955.0897815
File C:\py3.8\Lib\site-packages\django\template\utils.py first seen with mtime 1622879955.1815357
File C:\Program Files\Python38\Lib\linecache.py first seen with mtime 1620014042.0
File C:\py3.8\Lib\site-packages\django\middleware\csrf.py first seen with mtime 1622879955.1655784
File C:\Program Files\Python38\DLLs\select.pyd first seen with mtime 1620014086.0
File C:\Program Files\Python38\Lib\tokenize.py first seen with mtime 1620014044.0
File C:\Program Files\Python38\Lib\pathlib.py first seen with mtime 1620014042.0
File C:\py3.8\Lib\site-packages\django\db\backends\ddl_references.py first seen with mtime 1622879955.000022
File C:\py3.8\Lib\site-packages\django\views\debug.py first seen with mtime 1622879955.24736
File C:\py3.8\Lib\site-packages\django\db\models\functions\comparison.py first seen with mtime 1622879955.0867891
File C:\py3.8\Lib\site-packages\asgiref\__init__.py first seen with mtime 1622879951.99537
File C:\py3.8\Lib\site-packages\django\views\decorators\__init__.py first seen with mtime 1622879955.250352
File C:\py3.8\Lib\site-packages\django\db\models\query_utils.py first seen with mtime 1622879955.074821
File C:\py3.8\Lib\site-packages\django\db\models\options.py first seen with mtime 1622879955.0728266
File C:\py3.8\Lib\site-packages\sqlparse\cli.py first seen with mtime 1622879951.389588
File C:\py3.8\Lib\site-packages\django\core\serializers\__init__.py first seen with mtime 1622879954.990048
File C:\py3.8\Lib\site-packages\django\db\backends\sqlite3\features.py first seen with mtime 1622879955.040912
File C:\Program Files\Python38\Lib\importlib\machinery.py first seen with mtime 1620014042.0
File C:\py3.8\Lib\site-packages\django\contrib\auth\checks.py first seen with mtime 1622879953.0824685
File C:\py3.8\Lib\site-packages\django\utils\inspect.py first seen with mtime 1622879955.2264156
File C:\Program Files\Python38\Lib\email\__init__.py first seen with mtime 1620014042.0
File C:\Program Files\Python38\Lib\email\_encoded_words.py first seen with mtime 1620014042.0
File C:\Program Files\Python38\Lib\json\__init__.py first seen with mtime 1620014042.0
File C:\py3.8\Lib\site-packages\django\db\models\functions\math.py first seen with mtime 1622879955.0887837
File C:\Program Files\Python38\Lib\email\generator.py first seen with mtime 1620014042.0
File C:\py3.8\Lib\site-packages\django\contrib\admin\options.py first seen with mtime 1622879952.391442
File C:\Program Files\Python38\Lib\asyncio\constants.py first seen with mtime 1620014042.0
File C:\Program Files\Python38\DLLs\unicodedata.pyd first seen with mtime 1620014088.0
File C:\py3.8\Lib\site-packages\django\db\migrations\operations\base.py first seen with mtime 1622879955.0578668
File C:\py3.8\Lib\site-packages\django\core\management\__init__.py first seen with mtime 1622879954.96312
File C:\Program Files\Python38\Lib\urllib\__init__.py first seen with mtime 1620014044.0
File C:\py3.8\Lib\site-packages\sqlparse\exceptions.py first seen with mtime 1622879951.3905876
File C:\py3.8\Lib\site-packages\django\utils\numberformat.py first seen with mtime 1622879955.2323997
File C:\py3.8\Lib\site-packages\django\db\migrations\operations\utils.py first seen with mtime 1622879955.0608585
File C:\py3.8\Lib\site-packages\django\contrib\admin\sites.py first seen with mtime 1622879952.3924394
File C:\py3.8\Lib\site-packages\django\utils\hashable.py first seen with mtime 1622879955.2244208
File C:\Program Files\Python38\Lib\encodings\utf_8.py first seen with mtime 1620014042.0
File C:\py3.8\Lib\site-packages\django\db\backends\signals.py first seen with mtime 1622879955.000022
File C:\py3.8\Lib\site-packages\django\contrib\contenttypes\__init__.py first seen with mtime 1622879953.322335
File C:\Program Files\Python38\Lib\unittest\__init__.py first seen with mtime 1620014044.0
File C:\Program Files\Python38\Lib\sre_parse.py first seen with mtime 1620014042.0
File C:\py3.8\Lib\site-packages\django\core\checks\translation.py first seen with mtime 1622879954.937189
File C:\py3.8\Lib\site-packages\django\core\checks\model_checks.py first seen with mtime 1622879954.9341974
File C:\Program Files\Python38\Lib\importlib\abc.py first seen with mtime 1620014042.0
File C:\py3.8\Lib\site-packages\django\core\handlers\exception.py first seen with mtime 1622879954.9531467
File C:\py3.8\Lib\site-packages\django\forms\forms.py first seen with mtime 1622879955.1037438
File C:\py3.8\Lib\site-packages\django\core\servers\basehttp.py first seen with mtime 1622879954.996032
File C:\Program Files\Python38\Lib\_compat_pickle.py first seen with mtime 1620014042.0
File C:\py3.8\Lib\site-packages\django\templatetags\static.py first seen with mtime 1622879955.1945007
File C:\py3.8\Lib\site-packages\django\db\migrations\__init__.py first seen with mtime 1622879955.0439038
File C:\py3.8\Lib\site-packages\django\utils\asyncio.py first seen with mtime 1622879955.2094607
File C:\Program Files\Python38\Lib\importlib\__init__.py first seen with mtime 1620014042.0
File C:\py3.8\Lib\site-packages\django\core\management\commands\__init__.py first seen with mtime 1622879954.9691038
File C:\Program Files\Python38\Lib\email\base64mime.py first seen with mtime 1620014042.0
File C:\py3.8\Lib\site-packages\django\contrib\contenttypes\apps.py first seen with mtime 1622879953.3243299
File C:\Program Files\Python38\Lib\unittest\main.py first seen with mtime 1620014044.0
File C:\py3.8\Lib\site-packages\django\core\checks\caches.py first seen with mtime 1622879954.9322026
File C:\py3.8\Lib\site-packages\django\apps\__init__.py first seen with mtime 1622879952.0645998
File C:\py3.8\Lib\site-packages\django\utils\decorators.py first seen with mtime 1622879955.2194345
File C:\Program Files\Python38\Lib\asyncio\streams.py first seen with mtime 1620014042.0
File C:\py3.8\Lib\site-packages\django\template\backends\__init__.py first seen with mtime 1622879955.1815357
File C:\py3.8\Lib\site-packages\django\core\management\color.py first seen with mtime 1622879954.9651146
File C:\py3.8\Lib\site-packages\django\contrib\auth\hashers.py first seen with mtime 1622879953.0858529
File C:\py3.8\Lib\site-packages\django\db\backends\base\creation.py first seen with mtime 1622879955.004011
File C:\py3.8\Lib\site-packages\django\forms\boundfield.py first seen with mtime 1622879955.1017492
File C:\Program Files\Python38\Lib\wsgiref\simple_server.py first seen with mtime 1620014044.0
File C:\py3.8\Lib\site-packages\django\conf\__init__.py first seen with mtime 1622879952.068453
File C:\py3.8\Lib\site-packages\pytz\tzinfo.py first seen with mtime 1622879951.4928088
File C:\py3.8\Lib\site-packages\django\contrib\admin\templatetags\__init__.py first seen with mtime 1622879952.8933606
File C:\Program Files\Python38\Lib\hashlib.py first seen with mtime 1620014042.0
File C:\Program Files\Python38\Lib\logging\handlers.py first seen with mtime 1620014042.0
File C:\Program Files\Python38\Lib\email\encoders.py first seen with mtime 1620014042.0
File C:\py3.8\Lib\site-packages\django\db\backends\sqlite3\schema.py first seen with mtime 1622879955.042907
File C:\py3.8\Lib\site-packages\django\contrib\contenttypes\admin.py first seen with mtime 1622879953.3233325
File C:\py3.8\Lib\site-packages\django\db\migrations\state.py first seen with mtime 1622879955.0548742
File C:\py3.8\Lib\site-packages\django\core\cache\utils.py first seen with mtime 1622879954.924234
File C:\py3.8\Lib\site-packages\django\db\models\sql\constants.py first seen with mtime 1622879955.0937707
File C:\py3.8\Lib\site-packages\django\contrib\messages\apps.py first seen with mtime 1622879954.1558735
File C:\py3.8\Lib\site-packages\django\core\handlers\__init__.py first seen with mtime 1622879954.950155
File C:\Program Files\Python38\Lib\lzma.py first seen with mtime 1620014042.0
File C:\Program Files\Python38\Lib\locale.py first seen with mtime 1620014042.0
File C:\py3.8\Lib\site-packages\django\contrib\auth\models.py first seen with mtime 1622879953.088845
File C:\Program Files\Python38\DLLs\_bz2.pyd first seen with mtime 1620014086.0
File C:\py3.8\Lib\site-packages\django\db\models\functions\datetime.py first seen with mtime 1622879955.0877864
File C:\py3.8\Lib\site-packages\django\db\models\fields\related.py first seen with mtime 1622879955.0818024
File C:\py3.8\Lib\site-packages\django\http\response.py first seen with mtime 1622879955.1615891
File C:\py3.8\Lib\site-packages\django\utils\translation\trans_real.py first seen with mtime 1622879955.2443678
File C:\py3.8\Lib\site-packages\django\core\files\images.py first seen with mtime 1622879954.9431734
File C:\py3.8\Lib\site-packages\django\middleware\security.py first seen with mtime 1622879955.1685703
File C:\py3.8\Lib\site-packages\django\contrib\auth\management\__init__.py first seen with mtime 1622879953.3073752
File C:\Program Files\Python38\Lib\tempfile.py first seen with mtime 1620014042.0
File C:\Program Files\Python38\Lib\email\_policybase.py first seen with mtime 1620014042.0
File C:\Program Files\Python38\Lib\wsgiref\headers.py first seen with mtime 1620014044.0
File C:\py3.8\Lib\site-packages\django\templatetags\l10n.py first seen with mtime 1622879955.1935036
File C:\Program Files\Python38\Lib\signal.py first seen with mtime 1620014042.0
File C:\py3.8\Lib\site-packages\django\db\backends\base\introspection.py first seen with mtime 1622879955.0060053
File C:\Program Files\Python38\Lib\bisect.py first seen with mtime 1620014042.0
File C:\py3.8\Lib\site-packages\django\utils\timesince.py first seen with mtime 1622879955.2363892
File C:\py3.8\Lib\site-packages\django\contrib\admin\templatetags\admin_modify.py first seen with mtime 1622879952.8953395
File C:\Program Files\Python38\Lib\warnings.py first seen with mtime 1620014044.0
File C:\py3.8\Lib\site-packages\django\core\checks\urls.py first seen with mtime 1622879954.937189
File C:\py3.8\Lib\site-packages\django\db\migrations\exceptions.py first seen with mtime 1622879955.045899
File C:\py3.8\Lib\site-packages\django\db\models\signals.py first seen with mtime 1622879955.0758185
File C:\py3.8\Lib\site-packages\django\core\validators.py first seen with mtime 1622879954.9222295
File C:\py3.8\Lib\site-packages\django\templatetags\__init__.py first seen with mtime 1622879955.1905122
File C:\py3.8\Lib\site-packages\django\db\models\lookups.py first seen with mtime 1622879955.0708318
File C:\Program Files\Python38\Lib\wsgiref\util.py first seen with mtime 1620014044.0
File C:\py3.8\Lib\site-packages\django\db\models\fields\related_descriptors.py first seen with mtime 1622879955.0828
File C:\py3.8\Lib\site-packages\django\contrib\admin\templatetags\admin_list.py first seen with mtime 1622879952.8943534
File C:\Program Files\Python38\Lib\hmac.py first seen with mtime 1620014042.0
File C:\Program Files\Python38\Lib\platform.py first seen with mtime 1620014042.0
File C:\py3.8\Lib\site-packages\django\db\backends\base\operations.py first seen with mtime 1622879955.0070024
File C:\Program Files\Python38\Lib\quopri.py first seen with mtime 1620014042.0
File C:\Program Files\Python38\Lib\gzip.py first seen with mtime 1620014042.0
File C:\py3.8\Lib\site-packages\django\conf\locale\__init__.py first seen with mtime 1622879952.0771873
File C:\Program Files\Python38\Lib\logging\__init__.py first seen with mtime 1620014042.0
File C:\py3.8\Lib\site-packages\django\template\library.py first seen with mtime 1622879955.1775465
File C:\py3.8\Lib\site-packages\pytz\exceptions.py first seen with mtime 1622879951.487822
File C:\py3.8\Lib\site-packages\django\db\utils.py first seen with mtime 1622879954.9980268
File C:\Program Files\Python38\Lib\glob.py first seen with mtime 1620014042.0
File C:\py3.8\Lib\site-packages\django\utils\text.py first seen with mtime 1622879955.2353916
File C:\hellodjango\hellodjango\urls.py first seen with mtime 1622880138.2678745
File C:\py3.8\Lib\site-packages\django\utils\translation\reloader.py first seen with mtime 1622879955.2413757
File C:\Program Files\Python38\Lib\html\parser.py first seen with mtime 1620014042.0
File C:\Program Files\Python38\Lib\shutil.py first seen with mtime 1620014042.0
File C:\Program Files\Python38\Lib\ctypes\wintypes.py first seen with mtime 1620014042.0
File C:\py3.8\Lib\site-packages\django\contrib\sessions\base_session.py first seen with mtime 1622879954.4891033
File C:\py3.8\Lib\site-packages\django\forms\models.py first seen with mtime 1622879955.1057386
File C:\Program Files\Python38\Lib\unittest\loader.py first seen with mtime 1620014044.0
File C:\Program Files\Python38\DLLs\_decimal.pyd first seen with mtime 1620014086.0
File C:\py3.8\Lib\site-packages\django\core\checks\async_checks.py first seen with mtime 1622879954.9312053
File C:\py3.8\Lib\site-packages\django\utils\tree.py first seen with mtime 1622879955.2383835
File C:\py3.8\Lib\site-packages\django\contrib\auth\validators.py first seen with mtime 1622879953.091837
File C:\Program Files\Python38\Lib\_bootlocale.py first seen with mtime 1620014042.0
File C:\Program Files\Python38\Lib\asyncio\proactor_events.py first seen with mtime 1620014042.0
File C:\Program Files\Python38\Lib\subprocess.py first seen with mtime 1620014042.0
File C:\Program Files\Python38\Lib\_collections_abc.py first seen with mtime 1620014042.0
File C:\py3.8\Lib\site-packages\django\utils\deconstruct.py first seen with mtime 1622879955.2184372
File C:\py3.8\Lib\site-packages\django\db\backends\base\base.py first seen with mtime 1622879955.0030136
File C:\py3.8\Lib\site-packages\django\core\checks\registry.py first seen with mtime 1622879954.9351945
File C:\py3.8\Lib\site-packages\django\contrib\auth\apps.py first seen with mtime 1622879953.0795507
File C:\Program Files\Python38\Lib\email\_header_value_parser.py first seen with mtime 1620014042.0
File C:\Program Files\Python38\Lib\email\contentmanager.py first seen with mtime 1620014042.0
File C:\py3.8\Lib\site-packages\django\core\cache\backends\__init__.py first seen with mtime 1622879954.9252212
File C:\py3.8\Lib\site-packages\sqlparse\keywords.py first seen with mtime 1622879951.3933895
File C:\py3.8\Lib\site-packages\django\db\models\sql\query.py first seen with mtime 1622879955.095765
File C:\py3.8\Lib\site-packages\django\urls\converters.py first seen with mtime 1622879955.2044744
File C:\Program Files\Python38\Lib\asyncio\coroutines.py first seen with mtime 1620014042.0
File C:\Program Files\Python38\DLLs\_queue.pyd first seen with mtime 1620014086.0
File C:\Program Files\Python38\Lib\importlib\util.py first seen with mtime 1620014042.0
File C:\py3.8\Lib\site-packages\django\contrib\auth\migrations\0008_alter_user_username_max_length.py first seen with mtime 1622879953.316351
File C:\Program Files\Python38\Lib\stringprep.py first seen with mtime 1620014042.0
File C:\py3.8\Lib\site-packages\django\contrib\contenttypes\migrations\__init__.py first seen with mtime 1622879953.4983227
File C:\py3.8\Lib\site-packages\django\contrib\admin\migrations\__init__.py first seen with mtime 1622879952.744742
File C:\py3.8\Lib\site-packages\django\contrib\auth\migrations\0004_alter_user_username_opts.py first seen with mtime 1622879953.3133595
File C:\Program Files\Python38\Lib\encodings\idna.py first seen with mtime 1620014042.0
File C:\py3.8\Lib\site-packages\django\contrib\auth\migrations\0002_alter_permission_name_max_length.py first seen with mtime 1622879953.3113644
File C:\py3.8\Lib\site-packages\django\contrib\auth\migrations\0006_require_contenttypes_0002.py first seen with mtime 1622879953.3153539
File C:\py3.8\Lib\site-packages\django\contrib\sessions\exceptions.py first seen with mtime 1622879954.4901004
File C:\py3.8\Lib\site-packages\django\contrib\auth\migrations\0001_initial.py first seen with mtime 1622879953.3113644
File C:\py3.8\Lib\site-packages\django\contrib\sessions\backends\__init__.py first seen with mtime 1622879954.4930925
File C:\hellodjango\hellodjango\wsgi.py first seen with mtime 1622880138.2688718
File C:\py3.8\Lib\site-packages\django\contrib\contenttypes\migrations\0002_remove_content_type_name.py first seen with mtime 1622879953.4983227
File C:\py3.8\Lib\site-packages\django\contrib\sessions\migrations\__init__.py first seen with mtime 1622879954.6759994
File C:\py3.8\Lib\site-packages\django\contrib\auth\migrations\0009_alter_user_last_name_max_length.py first seen with mtime 1622879953.3173492
File C:\py3.8\Lib\site-packages\django\contrib\auth\migrations\0007_alter_validators_add_error_messages.py first seen with mtime 1622879953.3153539
File C:\py3.8\Lib\site-packages\django\contrib\contenttypes\migrations\0001_initial.py first seen with mtime 1622879953.4973254
File C:\py3.8\Lib\site-packages\django\contrib\auth\migrations\0012_alter_user_first_name_max_length.py first seen with mtime 1622879953.319343
File C:\py3.8\Lib\site-packages\django\contrib\admin\migrations\0001_initial.py first seen with mtime 1622879952.7427475
File C:\py3.8\Lib\site-packages\django\db\migrations\recorder.py first seen with mtime 1622879955.0528798
File C:\py3.8\Lib\site-packages\django\contrib\sessions\backends\base.py first seen with mtime 1622879954.49409
File C:\py3.8\Lib\site-packages\django\middleware\common.py first seen with mtime 1622879955.164581
File C:\py3.8\Lib\site-packages\django\contrib\auth\migrations\0003_alter_user_email_max_length.py first seen with mtime 1622879953.3123617
File C:\py3.8\Lib\site-packages\django\contrib\auth\migrations\0010_alter_group_name_max_length.py first seen with mtime 1622879953.3173492
File C:\py3.8\Lib\site-packages\django\contrib\sessions\backends\db.py first seen with mtime 1622879954.4960845
File C:\py3.8\Lib\site-packages\django\contrib\sessions\migrations\0001_initial.py first seen with mtime 1622879954.6750028
File C:\py3.8\Lib\site-packages\django\db\migrations\executor.py first seen with mtime 1622879955.046896
File C:\py3.8\Lib\site-packages\django\contrib\auth\migrations\0005_alter_user_last_login_null.py first seen with mtime 1622879953.3143563
File C:\py3.8\Lib\site-packages\django\contrib\auth\migrations\0011_update_proxy_permissions.py first seen with mtime 1622879953.3183458
File C:\py3.8\Lib\site-packages\django\contrib\admin\migrations\0002_logentry_remove_auto_add.py first seen with mtime 1622879952.7427475
File C:\py3.8\Lib\site-packages\django\contrib\auth\migrations\__init__.py first seen with mtime 1622879953.3203404
File C:\py3.8\Lib\site-packages\django\contrib\messages\middleware.py first seen with mtime 1622879954.1588655
File C:\py3.8\Lib\site-packages\django\middleware\clickjacking.py first seen with mtime 1622879955.1635842
File C:\py3.8\Lib\site-packages\django\db\migrations\graph.py first seen with mtime 1622879955.047893
File C:\py3.8\Lib\site-packages\django\db\migrations\loader.py first seen with mtime 1622879955.0488904
File C:\py3.8\Lib\site-packages\django\core\cache\backends\locmem.py first seen with mtime 1622879954.9292104
File C:\py3.8\Lib\site-packages\django\contrib\admin\migrations\0003_logentry_add_action_flag_choices.py first seen with mtime 1622879952.743745
Watching for file changes with StatReloader
Waiting for apps ready_event.
Apps ready_event triggered. Sending autoreload_started signal.
Watching dir C:\hellodjango\locale with glob **/*.mo.
Watching dir C:\hellodjango\myhello\locale with glob **/*.mo.
(0.015) 
            SELECT name, type FROM sqlite_master
            WHERE type in ('table', 'view') AND NOT name='sqlite_sequence'
            ORDER BY name; args=None
File C:\Program Files\Python38\Lib\mimetypes.py first seen with mtime 1620014042.0
File C:\Program Files\Python38\Lib\bisect.py first seen with mtime 1620014042.0
File C:\py3.8\Lib\site-packages\django\forms\fields.py first seen with mtime 1622879955.1037438
File C:\py3.8\Lib\site-packages\django\contrib\admin\filters.py first seen with mtime 1622879952.3884501
File C:\Program Files\Python38\Lib\distutils\__init__.py first seen with mtime 1620014042.0
File C:\py3.8\Lib\site-packages\django\db\backends\sqlite3\client.py first seen with mtime 1622879955.038917
File C:\Program Files\Python38\Lib\urllib\error.py first seen with mtime 1620014044.0
File C:\Program Files\Python38\Lib\ssl.py first seen with mtime 1620014042.0
File C:\py3.8\Lib\site-packages\django\db\models\__init__.py first seen with mtime 1622879955.0618558
File C:\py3.8\Lib\site-packages\django\contrib\admin\helpers.py first seen with mtime 1622879952.3894475
File C:\Program Files\Python38\Lib\sre_constants.py first seen with mtime 1620014042.0
File C:\py3.8\Lib\site-packages\django\contrib\admin\templatetags\base.py first seen with mtime 1622879952.897334
File C:\Program Files\Python38\Lib\html\__init__.py first seen with mtime 1620014042.0
File C:\py3.8\Lib\site-packages\django\contrib\admin\templatetags\admin_urls.py first seen with mtime 1622879952.8963368
File C:\py3.8\Lib\site-packages\sqlparse\cli.py first seen with mtime 1622879951.389588
File C:\py3.8\Lib\site-packages\django\views\__init__.py first seen with mtime 1622879955.245365
File C:\py3.8\Lib\site-packages\django\db\backends\sqlite3\base.py first seen with mtime 1622879955.0379202
File C:\Program Files\Python38\Lib\html\parser.py first seen with mtime 1620014042.0
File C:\py3.8\Lib\site-packages\django\contrib\staticfiles\management\commands\runserver.py first seen with mtime 1622879954.9132533
File C:\Program Files\Python38\Lib\asyncio\tasks.py first seen with mtime 1620014042.0
File C:\py3.8\Lib\site-packages\django\views\decorators\common.py first seen with mtime 1622879955.253345
File C:\py3.8\Lib\site-packages\django\conf\urls\__init__.py first seen with mtime 1622879952.3803093
File C:\py3.8\Lib\site-packages\django\utils\__init__.py first seen with mtime 1622879955.2074664
File C:\py3.8\Lib\site-packages\django\db\backends\base\client.py first seen with mtime 1622879955.0030136
File C:\py3.8\Lib\site-packages\django\db\models\sql\datastructures.py first seen with mtime 1622879955.0947676
File C:\Program Files\Python38\Lib\email\feedparser.py first seen with mtime 1620014042.0
File C:\py3.8\Lib\site-packages\django\contrib\auth\admin.py first seen with mtime 1622879953.0795507
File C:\py3.8\Lib\site-packages\django\db\backends\signals.py first seen with mtime 1622879955.000022
File C:\py3.8\Lib\site-packages\django\core\management\color.py first seen with mtime 1622879954.9651146
File C:\Program Files\Python38\Lib\asyncio\base_events.py first seen with mtime 1620014042.0
File C:\py3.8\Lib\site-packages\django\views\generic\dates.py first seen with mtime 1622879955.2613223
File C:\Program Files\Python38\Lib\stat.py first seen with mtime 1620014042.0
File C:\py3.8\Lib\site-packages\django\contrib\staticfiles\management\commands\__init__.py first seen with mtime 1622879954.9112585
File C:\Program Files\Python38\Lib\wsgiref\simple_server.py first seen with mtime 1620014044.0
File C:\Program Files\Python38\Lib\platform.py first seen with mtime 1620014042.0
File C:\py3.8\Lib\site-packages\django\http\response.py first seen with mtime 1622879955.1615891
File C:\py3.8\Lib\site-packages\django\db\models\indexes.py first seen with mtime 1622879955.0698347
File C:\Program Files\Python38\Lib\_collections_abc.py first seen with mtime 1620014042.0
File C:\py3.8\Lib\site-packages\django\db\backends\base\base.py first seen with mtime 1622879955.0030136
File C:\py3.8\Lib\site-packages\sqlparse\tokens.py first seen with mtime 1622879951.3965814
File C:\py3.8\Lib\site-packages\django\contrib\admin\templatetags\admin_modify.py first seen with mtime 1622879952.8953395
File C:\Program Files\Python38\Lib\email\message.py first seen with mtime 1620014042.0
File C:\Program Files\Python38\DLLs\unicodedata.pyd first seen with mtime 1620014088.0
File C:\py3.8\Lib\site-packages\django\core\checks\security\base.py first seen with mtime 1622879954.9401815
File C:\Program Files\Python38\Lib\quopri.py first seen with mtime 1620014042.0
File C:\py3.8\Lib\site-packages\django\utils\asyncio.py first seen with mtime 1622879955.2094607
File C:\py3.8\Lib\site-packages\django\db\models\sql\subqueries.py first seen with mtime 1622879955.0967624
File C:\py3.8\Lib\site-packages\django\core\checks\caches.py first seen with mtime 1622879954.9322026
File C:\Program Files\Python38\Lib\copy.py first seen with mtime 1620014042.0
File C:\py3.8\Lib\site-packages\django\db\models\fields\related_descriptors.py first seen with mtime 1622879955.0828
File C:\py3.8\Lib\site-packages\django\core\cache\backends\base.py first seen with mtime 1622879954.9262185
File C:\Program Files\Python38\Lib\distutils\version.py first seen with mtime 1620014042.0
File C:\py3.8\Lib\site-packages\django\contrib\staticfiles\checks.py first seen with mtime 1622879954.9032798
File C:\Program Files\Python38\Lib\unittest\case.py first seen with mtime 1620014044.0
File C:\Program Files\Python38\Lib\statistics.py first seen with mtime 1620014042.0
File C:\py3.8\Lib\site-packages\django\core\management\__init__.py first seen with mtime 1622879954.96312
File C:\Program Files\Python38\Lib\threading.py first seen with mtime 1620014044.0
File C:\py3.8\Lib\site-packages\_virtualenv.py first seen with mtime 1622879752.139401
File C:\py3.8\Lib\site-packages\django\db\models\fields\proxy.py first seen with mtime 1622879955.0808053
File C:\py3.8\Lib\site-packages\django\utils\safestring.py first seen with mtime 1622879955.2343943
File C:\py3.8\Lib\site-packages\django\http\multipartparser.py first seen with mtime 1622879955.1595943
File C:\py3.8\Lib\site-packages\django\db\models\manager.py first seen with mtime 1622879955.0718293
File C:\py3.8\Lib\site-packages\django\contrib\messages\api.py first seen with mtime 1622879954.1558735
File C:\py3.8\Lib\site-packages\django\forms\__init__.py first seen with mtime 1622879955.1017492
File C:\py3.8\Lib\site-packages\django\template\backends\base.py first seen with mtime 1622879955.182533
File C:\Program Files\Python38\Lib\email\iterators.py first seen with mtime 1620014042.0
File C:\Program Files\Python38\Lib\asyncio\__init__.py first seen with mtime 1620014042.0
File C:\py3.8\Lib\site-packages\django\utils\datetime_safe.py first seen with mtime 1622879955.2174397
File C:\py3.8\Lib\site-packages\django\db\models\sql\query.py first seen with mtime 1622879955.095765
File C:\Program Files\Python38\Lib\concurrent\__init__.py first seen with mtime 1620014042.0
File C:\py3.8\Lib\site-packages\django\contrib\auth\password_validation.py first seen with mtime 1622879953.088845
File C:\py3.8\Lib\site-packages\django\utils\log.py first seen with mtime 1622879955.2294075
File C:\py3.8\Lib\site-packages\django\views\defaults.py first seen with mtime 1622879955.2483575
File C:\Program Files\Python38\Lib\_compat_pickle.py first seen with mtime 1620014042.0
File C:\hellodjango\myhello\urls.py first seen with mtime 1622882802.1988602
File C:\py3.8\Lib\site-packages\django\forms\boundfield.py first seen with mtime 1622879955.1017492
File C:\py3.8\Lib\site-packages\django\utils\lorem_ipsum.py first seen with mtime 1622879955.230405
File C:\py3.8\Lib\site-packages\django\views\i18n.py first seen with mtime 1622879955.2493544
File C:\py3.8\Lib\site-packages\django\db\models\expressions.py first seen with mtime 1622879955.068837
File C:\py3.8\Lib\site-packages\django\contrib\auth\signals.py first seen with mtime 1622879953.0898423
File C:\py3.8\Lib\site-packages\django\db\models\fields\__init__.py first seen with mtime 1622879955.0778134
File C:\py3.8\Lib\site-packages\django\utils\dateparse.py first seen with mtime 1622879955.2164426
File C:\py3.8\Lib\site-packages\django\contrib\staticfiles\utils.py first seen with mtime 1622879954.9082668
File C:\py3.8\Lib\site-packages\django\core\cache\__init__.py first seen with mtime 1622879954.9232268
File C:\Program Files\Python38\Lib\enum.py first seen with mtime 1620014042.0
File C:\Program Files\Python38\Lib\json\decoder.py first seen with mtime 1620014042.0
File C:\Program Files\Python38\Lib\asyncio\base_futures.py first seen with mtime 1620014042.0
File C:\py3.8\Lib\site-packages\django\http\request.py first seen with mtime 1622879955.1605916
File C:\Program Files\Python38\Lib\unittest\__init__.py first seen with mtime 1620014044.0
File C:\Program Files\Python38\Lib\asyncio\queues.py first seen with mtime 1620014042.0
File C:\py3.8\Lib\site-packages\sqlparse\engine\grouping.py first seen with mtime 1622879951.399576
File C:\Program Files\Python38\Lib\keyword.py first seen with mtime 1620014042.0
File C:\Program Files\Python38\Lib\lzma.py first seen with mtime 1620014042.0
File C:\py3.8\Lib\site-packages\django\contrib\contenttypes\fields.py first seen with mtime 1622879953.3263245
File C:\py3.8\Lib\site-packages\django\db\migrations\exceptions.py first seen with mtime 1622879955.045899
File C:\py3.8\Lib\site-packages\django\utils\termcolors.py first seen with mtime 1622879955.2353916
File C:\Program Files\Python38\DLLs\_lzma.pyd first seen with mtime 1620014086.0
File C:\py3.8\Lib\site-packages\django\db\models\base.py first seen with mtime 1622879955.0638504
File C:\py3.8\Lib\site-packages\django\utils\functional.py first seen with mtime 1622879955.223428
File C:\Program Files\Python38\Lib\secrets.py first seen with mtime 1620014042.0
File C:\py3.8\Lib\site-packages\django\utils\translation\reloader.py first seen with mtime 1622879955.2413757
File C:\Program Files\Python38\Lib\ntpath.py first seen with mtime 1620014042.0
File C:\py3.8\Lib\site-packages\django\contrib\auth\tokens.py first seen with mtime 1622879953.0908394
File C:\py3.8\Lib\site-packages\django\contrib\sessions\base_session.py first seen with mtime 1622879954.4891033
File C:\Program Files\Python38\Lib\sre_parse.py first seen with mtime 1620014042.0
File C:\py3.8\Lib\site-packages\django\conf\global_settings.py first seen with mtime 1622879952.069856
File C:\py3.8\Lib\site-packages\django\core\files\storage.py first seen with mtime 1622879954.9461653
File C:\py3.8\Lib\site-packages\django\urls\exceptions.py first seen with mtime 1622879955.2054715
File C:\Program Files\Python38\Lib\contextlib.py first seen with mtime 1620014042.0
File C:\py3.8\Lib\site-packages\django\__init__.py first seen with mtime 1622879952.059799
File C:\Program Files\Python38\Lib\struct.py first seen with mtime 1620014042.0
File C:\py3.8\Lib\site-packages\django\templatetags\cache.py first seen with mtime 1622879955.191509
File C:\py3.8\Lib\site-packages\django\template\base.py first seen with mtime 1622879955.1715624
File C:\py3.8\Lib\site-packages\django\db\models\constants.py first seen with mtime 1622879955.0648477
File C:\py3.8\Lib\site-packages\django\db\migrations\utils.py first seen with mtime 1622879955.0548742
File C:\py3.8\Lib\site-packages\django\middleware\cache.py first seen with mtime 1622879955.1625865
File C:\Program Files\Python38\Lib\io.py first seen with mtime 1620014042.0
File C:\py3.8\Lib\site-packages\django\contrib\auth\base_user.py first seen with mtime 1622879953.081548
File C:\py3.8\Lib\site-packages\django\db\migrations\operations\models.py first seen with mtime 1622879955.0598612
File C:\Program Files\Python38\Lib\json\__init__.py first seen with mtime 1620014042.0
File C:\Program Files\Python38\Lib\json\scanner.py first seen with mtime 1620014042.0
File C:\hellodjango\myhello\apps.py first seen with mtime 1622882476.0476174
File C:\Program Files\Python38\DLLs\select.pyd first seen with mtime 1620014086.0
File C:\Program Files\Python38\Lib\wsgiref\__init__.py first seen with mtime 1620014044.0
File C:\Program Files\Python38\Lib\_compression.py first seen with mtime 1620014042.0
File C:\Program Files\Python38\Lib\asyncio\log.py first seen with mtime 1620014042.0
File C:\py3.8\Lib\site-packages\django\contrib\auth\management\__init__.py first seen with mtime 1622879953.3073752
File C:\Program Files\Python38\Lib\_sitebuiltins.py first seen with mtime 1620014042.0
File C:\Program Files\Python38\Lib\re.py first seen with mtime 1620014042.0
File C:\Program Files\Python38\Lib\email\_header_value_parser.py first seen with mtime 1620014042.0
File C:\py3.8\Lib\site-packages\django\core\handlers\asgi.py first seen with mtime 1622879954.9511518
File C:\py3.8\Lib\site-packages\django\db\models\fields\json.py first seen with mtime 1622879955.0788105
File C:\py3.8\Lib\site-packages\django\urls\utils.py first seen with mtime 1622879955.206469
File C:\py3.8\Lib\site-packages\django\contrib\admin\templatetags\admin_list.py first seen with mtime 1622879952.8943534
File C:\py3.8\Lib\site-packages\django\template\loaders\filesystem.py first seen with mtime 1622879955.1895146
File C:\Program Files\Python38\Lib\types.py first seen with mtime 1620014044.0
File C:\py3.8\Lib\site-packages\django\db\backends\sqlite3\__init__.py first seen with mtime 1622879955.0369225
File C:\py3.8\Lib\site-packages\django\core\exceptions.py first seen with mtime 1622879954.91824
File C:\hellodjango\myhello\__init__.py first seen with mtime 1622882476.0520856
File C:\Program Files\Python38\Lib\difflib.py first seen with mtime 1620014042.0
File C:\py3.8\Lib\site-packages\django\apps\__init__.py first seen with mtime 1622879952.0645998
File C:\Program Files\Python38\Lib\socketserver.py first seen with mtime 1620014042.0
File C:\py3.8\Lib\site-packages\django\db\__init__.py first seen with mtime 1622879954.9970293
File C:\Program Files\Python38\Lib\gettext.py first seen with mtime 1620014042.0
File C:\py3.8\Lib\site-packages\sqlparse\filters\tokens.py first seen with mtime 1622879951.4065573
File C:\Program Files\Python38\Lib\email\contentmanager.py first seen with mtime 1620014042.0
File C:\py3.8\Lib\site-packages\django\core\management\commands\runserver.py first seen with mtime 1622879954.980075
File C:\py3.8\Lib\site-packages\django\contrib\admin\models.py first seen with mtime 1622879952.3904448
File C:\py3.8\Lib\site-packages\django\db\backends\sqlite3\operations.py first seen with mtime 1622879955.0419092
File C:\Program Files\Python38\Lib\encodings\utf_8.py first seen with mtime 1620014042.0
File C:\py3.8\Lib\site-packages\django\db\models\sql\where.py first seen with mtime 1622879955.0977597
File C:\py3.8\Lib\site-packages\django\template\defaultfilters.py first seen with mtime 1622879955.1745546
File C:\py3.8\Lib\site-packages\django\contrib\admin\actions.py first seen with mtime 1622879952.3844607
File C:\py3.8\Lib\site-packages\django\core\files\move.py first seen with mtime 1622879954.945168
File C:\py3.8\Lib\site-packages\django\db\backends\base\__init__.py first seen with mtime 1622879955.0020163
File C:\py3.8\Lib\site-packages\django\core\files\locks.py first seen with mtime 1622879954.9441707
File C:\py3.8\Lib\site-packages\django\contrib\contenttypes\models.py first seen with mtime 1622879953.327322
File C:\py3.8\Lib\site-packages\django\core\checks\messages.py first seen with mtime 1622879954.9332
File C:\py3.8\Lib\site-packages\django\contrib\contenttypes\forms.py first seen with mtime 1622879953.3263245
File C:\Program Files\Python38\Lib\asyncio\trsock.py first seen with mtime 1620014042.0
File C:\Program Files\Python38\Lib\email\_encoded_words.py first seen with mtime 1620014042.0
File C:\py3.8\Lib\site-packages\django\core\checks\security\__init__.py first seen with mtime 1622879954.9391837
File C:\py3.8\Lib\site-packages\django\templatetags\__init__.py first seen with mtime 1622879955.1905122
File C:\py3.8\Lib\site-packages\django\views\static.py first seen with mtime 1622879955.250352
File C:\Program Files\Python38\Lib\email\quoprimime.py first seen with mtime 1620014042.0
File C:\py3.8\Lib\site-packages\django\core\checks\urls.py first seen with mtime 1622879954.937189
File C:\py3.8\Lib\site-packages\django\core\serializers\__init__.py first seen with mtime 1622879954.990048
File C:\py3.8\Lib\site-packages\sqlparse\__init__.py first seen with mtime 1622879951.3845873
File C:\py3.8\Lib\site-packages\django\contrib\contenttypes\management\__init__.py first seen with mtime 1622879953.4953308
File C:\py3.8\Lib\site-packages\asgiref\current_thread_executor.py first seen with mtime 1622879951.9974804
File C:\Program Files\Python38\Lib\asyncio\events.py first seen with mtime 1620014042.0
File C:\py3.8\Lib\site-packages\django\core\checks\model_checks.py first seen with mtime 1622879954.9341974
File C:\Program Files\Python38\Lib\unittest\runner.py first seen with mtime 1620014044.0
File C:\Program Files\Python38\Lib\uu.py first seen with mtime 1620014044.0
File C:\py3.8\Lib\site-packages\django\core\wsgi.py first seen with mtime 1622879954.9232268
File C:\Program Files\Python38\Lib\asyncio\transports.py first seen with mtime 1620014042.0
File C:\py3.8\Lib\site-packages\django\utils\crypto.py first seen with mtime 1622879955.213451
File C:\py3.8\Lib\site-packages\django\urls\resolvers.py first seen with mtime 1622879955.206469
File C:\py3.8\Lib\site-packages\django\db\backends\base\operations.py first seen with mtime 1622879955.0070024
File C:\Program Files\Python38\Lib\tempfile.py first seen with mtime 1620014042.0
File C:\py3.8\Lib\site-packages\django\utils\encoding.py first seen with mtime 1622879955.221429
File C:\py3.8\Lib\site-packages\django\db\models\sql\__init__.py first seen with mtime 1622879955.0917757
File C:\py3.8\Lib\site-packages\django\utils\translation\__init__.py first seen with mtime 1622879955.2413757
File C:\py3.8\Lib\site-packages\django\db\backends\__init__.py first seen with mtime 1622879954.999024
File C:\py3.8\Lib\site-packages\django\core\servers\__init__.py first seen with mtime 1622879954.9950345
File C:\py3.8\Lib\site-packages\django\contrib\auth\validators.py first seen with mtime 1622879953.091837
File C:\Program Files\Python38\Lib\ctypes\__init__.py first seen with mtime 1620014042.0
File C:\Program Files\Python38\Lib\collections\abc.py first seen with mtime 1620014042.0
File C:\py3.8\Lib\site-packages\django\db\models\query_utils.py first seen with mtime 1622879955.074821
File C:\Program Files\Python38\Lib\shutil.py first seen with mtime 1620014042.0
File C:\py3.8\Lib\site-packages\django\core\checks\templates.py first seen with mtime 1622879954.9361918
File C:\py3.8\Lib\site-packages\django\contrib\sessions\apps.py first seen with mtime 1622879954.488106
File C:\py3.8\Lib\site-packages\django\template\backends\__init__.py first seen with mtime 1622879955.1815357
File C:\Program Files\Python38\Lib\email\__init__.py first seen with mtime 1620014042.0
File C:\hellodjango\hellodjango\__init__.py first seen with mtime 1622880138.2688718
File C:\py3.8\Lib\site-packages\django\urls\converters.py first seen with mtime 1622879955.2044744
File C:\py3.8\Lib\site-packages\django\contrib\auth\backends.py first seen with mtime 1622879953.080548
File C:\Program Files\Python38\Lib\_weakrefset.py first seen with mtime 1620014042.0
File C:\Program Files\Python38\Lib\concurrent\futures\__init__.py first seen with mtime 1620014042.0
File C:\Program Files\Python38\Lib\email\parser.py first seen with mtime 1620014042.0
File C:\py3.8\Lib\site-packages\django\utils\dates.py first seen with mtime 1622879955.2164426
File C:\py3.8\Lib\site-packages\django\contrib\admin\decorators.py first seen with mtime 1622879952.3864555
File C:\Program Files\Python38\Lib\genericpath.py first seen with mtime 1620014042.0
File C:\py3.8\Lib\site-packages\django\views\decorators\cache.py first seen with mtime 1622879955.25135
File C:\py3.8\Lib\site-packages\django\contrib\contenttypes\views.py first seen with mtime 1622879953.328319
File C:\Program Files\Python38\Lib\calendar.py first seen with mtime 1620014042.0
File C:\py3.8\Lib\site-packages\pytz\__init__.py first seen with mtime 1622879951.4868248
File C:\Program Files\Python38\Lib\asyncio\proactor_events.py first seen with mtime 1620014042.0
File C:\py3.8\Lib\site-packages\django\contrib\sites\__init__.py first seen with mtime 1622879954.6829448
File C:\py3.8\Lib\site-packages\django\contrib\auth\apps.py first seen with mtime 1622879953.0795507
File C:\py3.8\Lib\site-packages\django\utils\_os.py first seen with mtime 1622879955.208464
File C:\Program Files\Python38\Lib\email\encoders.py first seen with mtime 1620014042.0
File C:\Program Files\Python38\Lib\email\mime\text.py first seen with mtime 1620014042.0
File C:\Program Files\Python38\Lib\asyncio\streams.py first seen with mtime 1620014042.0
File C:\Program Files\Python38\Lib\fractions.py first seen with mtime 1620014042.0
File C:\Program Files\Python38\Lib\pprint.py first seen with mtime 1620014042.0
File C:\Program Files\Python38\Lib\cgi.py first seen with mtime 1620014042.0
File C:\Program Files\Python38\Lib\email\base64mime.py first seen with mtime 1620014042.0
File C:\py3.8\Lib\site-packages\django\contrib\admin\views\__init__.py first seen with mtime 1622879952.8983314
File C:\py3.8\Lib\site-packages\django\core\handlers\exception.py first seen with mtime 1622879954.9531467
File C:\py3.8\Lib\site-packages\django\core\checks\__init__.py first seen with mtime 1622879954.9302082
File C:\Program Files\Python38\Lib\email\header.py first seen with mtime 1620014042.0
File C:\Program Files\Python38\Lib\bz2.py first seen with mtime 1620014042.0
File C:\py3.8\Lib\site-packages\django\db\models\deletion.py first seen with mtime 1622879955.0668426
File C:\py3.8\Lib\site-packages\django\views\generic\list.py first seen with mtime 1622879955.2643144
File C:\py3.8\Lib\site-packages\django\contrib\auth\__init__.py first seen with mtime 1622879953.0785534
File C:\py3.8\Lib\site-packages\sqlparse\filters\reindent.py first seen with mtime 1622879951.4055603
File C:\py3.8\Lib\site-packages\django\templatetags\i18n.py first seen with mtime 1622879955.1925063
File C:\Program Files\Python38\Lib\sre_compile.py first seen with mtime 1620014042.0
File C:\Program Files\Python38\Lib\string.py first seen with mtime 1620014042.0
File C:\py3.8\Lib\site-packages\django\template\__init__.py first seen with mtime 1622879955.1695676
File C:\Program Files\Python38\Lib\email\mime\message.py first seen with mtime 1620014042.0
File C:\py3.8\Lib\site-packages\django\utils\formats.py first seen with mtime 1622879955.223428
File C:\py3.8\Lib\site-packages\django\utils\autoreload.py first seen with mtime 1622879955.2104583
File C:\py3.8\Lib\site-packages\sqlparse\sql.py first seen with mtime 1622879951.395383
File C:\hellodjango\manage.py first seen with mtime 1622880138.2638853
File C:\Program Files\Python38\Lib\token.py first seen with mtime 1620014044.0
File C:\Program Files\Python38\Lib\wsgiref\handlers.py first seen with mtime 1620014044.0
File C:\Program Files\Python38\Lib\encodings\aliases.py first seen with mtime 1620014042.0
File C:\py3.8\Lib\site-packages\django\utils\html.py first seen with mtime 1622879955.2254183
File C:\py3.8\Lib\site-packages\pytz\tzinfo.py first seen with mtime 1622879951.4928088
File C:\py3.8\Lib\site-packages\django\db\models\fields\related_lookups.py first seen with mtime 1622879955.0837975
File C:\py3.8\Lib\site-packages\django\core\serializers\base.py first seen with mtime 1622879954.990048
File C:\py3.8\Lib\site-packages\django\templatetags\tz.py first seen with mtime 1622879955.1945007
File C:\Program Files\Python38\Lib\email\mime\base.py first seen with mtime 1620014042.0
File C:\py3.8\Lib\site-packages\django\db\backends\sqlite3\creation.py first seen with mtime 1622879955.0399148
File C:\py3.8\Lib\site-packages\sqlparse\filters\__init__.py first seen with mtime 1622879951.4015749
File C:\py3.8\Lib\site-packages\django\forms\models.py first seen with mtime 1622879955.1057386
File C:\py3.8\Lib\site-packages\django\core\files\utils.py first seen with mtime 1622879954.9491575
File C:\py3.8\Lib\site-packages\django\forms\forms.py first seen with mtime 1622879955.1037438
File C:\py3.8\Lib\site-packages\django\core\signals.py first seen with mtime 1622879954.920235
File C:\Program Files\Python38\Lib\importlib\machinery.py first seen with mtime 1620014042.0
File C:\Program Files\Python38\Lib\socket.py first seen with mtime 1620014042.0
File C:\py3.8\Lib\site-packages\django\core\handlers\wsgi.py first seen with mtime 1622879954.9531467
File C:\py3.8\Lib\site-packages\sqlparse\filters\right_margin.py first seen with mtime 1622879951.4065573
File C:\py3.8\Lib\site-packages\django\utils\decorators.py first seen with mtime 1622879955.2194345
File C:\py3.8\Lib\site-packages\django\contrib\messages\apps.py first seen with mtime 1622879954.1558735
File C:\py3.8\Lib\site-packages\django\http\cookie.py first seen with mtime 1622879955.158597
File C:\py3.8\Lib\site-packages\django\template\loader.py first seen with mtime 1622879955.1785436
File C:\Program Files\Python38\Lib\reprlib.py first seen with mtime 1620014042.0
File C:\py3.8\Lib\site-packages\django\urls\base.py first seen with mtime 1622879955.2034771
File C:\py3.8\Lib\site-packages\django\db\models\sql\constants.py first seen with mtime 1622879955.0937707
File C:\Program Files\Python38\Lib\unittest\suite.py first seen with mtime 1620014044.0
File C:\py3.8\Lib\site-packages\django\db\backends\base\creation.py first seen with mtime 1622879955.004011
File C:\py3.8\Lib\site-packages\django\template\loaders\app_directories.py first seen with mtime 1622879955.1875198
File C:\Program Files\Python38\Lib\email\headerregistry.py first seen with mtime 1620014042.0
File C:\Program Files\Python38\Lib\html\entities.py first seen with mtime 1620014042.0
File C:\Program Files\Python38\Lib\logging\handlers.py first seen with mtime 1620014042.0
File C:\py3.8\Lib\site-packages\django\db\models\options.py first seen with mtime 1622879955.0728266
File C:\py3.8\Lib\site-packages\django\contrib\messages\__init__.py first seen with mtime 1622879954.1548786
File C:\Program Files\Python38\Lib\http\server.py first seen with mtime 1620014042.0
File C:\py3.8\Lib\site-packages\django\utils\timezone.py first seen with mtime 1622879955.2373865
File C:\py3.8\Lib\site-packages\django\db\migrations\state.py first seen with mtime 1622879955.0548742
File C:\Program Files\Python38\DLLs\_ssl.pyd first seen with mtime 1620014086.0
File C:\py3.8\Lib\site-packages\django\contrib\staticfiles\management\__init__.py first seen with mtime 1622879954.910273
File C:\py3.8\Lib\site-packages\django\db\migrations\operations\special.py first seen with mtime 1622879955.0608585
File C:\Program Files\Python38\Lib\subprocess.py first seen with mtime 1620014042.0
File C:\Program Files\Python38\Lib\ctypes\wintypes.py first seen with mtime 1620014042.0
File C:\py3.8\Lib\site-packages\django\core\files\uploadedfile.py first seen with mtime 1622879954.9471624
File C:\Program Files\Python38\Lib\concurrent\futures\thread.py first seen with mtime 1620014042.0
File C:\Program Files\Python38\Lib\_markupbase.py first seen with mtime 1620014042.0
File C:\py3.8\Lib\site-packages\django\db\migrations\operations\utils.py first seen with mtime 1622879955.0608585
File C:\py3.8\Lib\site-packages\django\views\generic\__init__.py first seen with mtime 1622879955.2603252
File C:\Program Files\Python38\Lib\asyncio\staggered.py first seen with mtime 1620014042.0
File C:\py3.8\Lib\site-packages\django\utils\tree.py first seen with mtime 1622879955.2383835
File C:\Program Files\Python38\DLLs\_socket.pyd first seen with mtime 1620014086.0
File C:\py3.8\Lib\site-packages\django\template\engine.py first seen with mtime 1622879955.1755524
File C:\py3.8\Lib\site-packages\django\contrib\admin\exceptions.py first seen with mtime 1622879952.3874526
File C:\py3.8\Lib\site-packages\django\contrib\contenttypes\checks.py first seen with mtime 1622879953.3253274
File C:\py3.8\Lib\site-packages\django\db\utils.py first seen with mtime 1622879954.9980268
File C:\Program Files\Python38\Lib\encodings\__init__.py first seen with mtime 1620014042.0
File C:\py3.8\Lib\site-packages\django\core\mail\utils.py first seen with mtime 1622879954.9561386
File C:\py3.8\Lib\site-packages\django\contrib\messages\storage\__init__.py first seen with mtime 1622879954.16086
File C:\Program Files\Python38\Lib\inspect.py first seen with mtime 1620014042.0
File C:\Program Files\Python38\Lib\unittest\async_case.py first seen with mtime 1620014044.0
File C:\Program Files\Python38\Lib\urllib\parse.py first seen with mtime 1620014044.0
File C:\py3.8\Lib\site-packages\django\db\backends\sqlite3\features.py first seen with mtime 1622879955.040912
File C:\py3.8\Lib\site-packages\django\utils\deprecation.py first seen with mtime 1622879955.2194345
File C:\py3.8\Lib\site-packages\pytz\lazy.py first seen with mtime 1622879951.4898176
File C:\hellodjango\myhello\models.py first seen with mtime 1622882476.048615
File C:\Program Files\Python38\Lib\numbers.py first seen with mtime 1620014042.0
File C:\py3.8\Lib\site-packages\django\contrib\admin\views\autocomplete.py first seen with mtime 1622879952.9003308
File C:\py3.8\Lib\site-packages\django\contrib\staticfiles\apps.py first seen with mtime 1622879954.9022827
File C:\py3.8\Lib\site-packages\django\core\checks\async_checks.py first seen with mtime 1622879954.9312053
File C:\py3.8\Lib\site-packages\django\db\backends\sqlite3\schema.py first seen with mtime 1622879955.042907
File C:\py3.8\Lib\site-packages\django\contrib\admin\utils.py first seen with mtime 1622879952.393437
File C:\py3.8\Lib\site-packages\pytz\tzfile.py first seen with mtime 1622879951.4918249
File C:\py3.8\Lib\site-packages\django\conf\locale\__init__.py first seen with mtime 1622879952.0771873
File C:\Program Files\Python38\Lib\asyncio\protocols.py first seen with mtime 1620014042.0
File C:\Program Files\Python38\Lib\unittest\loader.py first seen with mtime 1620014044.0
File C:\Program Files\Python38\Lib\queue.py first seen with mtime 1620014042.0
File C:\py3.8\Lib\site-packages\django\template\loaders\base.py first seen with mtime 1622879955.1875198
File C:\py3.8\Lib\site-packages\sqlparse\formatter.py first seen with mtime 1622879951.3923888
File C:\Program Files\Python38\Lib\nturl2path.py first seen with mtime 1620014042.0
File C:\py3.8\Lib\site-packages\django\core\checks\security\csrf.py first seen with mtime 1622879954.9401815
File C:\py3.8\Lib\site-packages\django\db\backends\base\features.py first seen with mtime 1622879955.0050077
File C:\py3.8\Lib\site-packages\django\contrib\staticfiles\__init__.py first seen with mtime 1622879954.9012856
File C:\py3.8\Lib\site-packages\django\utils\hashable.py first seen with mtime 1622879955.2244208
File C:\Program Files\Python38\Lib\fnmatch.py first seen with mtime 1620014042.0
File C:\py3.8\Lib\site-packages\sqlparse\engine\statement_splitter.py first seen with mtime 1622879951.4005737
File C:\py3.8\Lib\site-packages\django\dispatch\dispatcher.py first seen with mtime 1622879955.0997546
File C:\Program Files\Python38\Lib\pathlib.py first seen with mtime 1620014042.0
File C:\py3.8\Lib\site-packages\django\contrib\sites\shortcuts.py first seen with mtime 1622879954.6899247
File C:\Program Files\Python38\Lib\importlib\util.py first seen with mtime 1620014042.0
File C:\py3.8\Lib\site-packages\django\core\paginator.py first seen with mtime 1622879954.919237
File C:\py3.8\Lib\site-packages\django\db\backends\base\schema.py first seen with mtime 1622879955.008
File C:\Program Files\Python38\Lib\http\client.py first seen with mtime 1620014042.0
File C:\Program Files\Python38\Lib\contextvars.py first seen with mtime 1620014042.0
File C:\Program Files\Python38\Lib\email\generator.py first seen with mtime 1620014042.0
File C:\py3.8\Lib\site-packages\django\core\validators.py first seen with mtime 1622879954.9222295
File C:\Program Files\Python38\Lib\logging\__init__.py first seen with mtime 1620014042.0
File C:\py3.8\Lib\site-packages\sqlparse\filters\aligned_indent.py first seen with mtime 1622879951.402568
File C:\py3.8\Lib\site-packages\django\middleware\__init__.py first seen with mtime 1622879955.1615891
File C:\py3.8\Lib\site-packages\django\dispatch\__init__.py first seen with mtime 1622879955.098757
File C:\py3.8\Lib\site-packages\django\template\loader_tags.py first seen with mtime 1622879955.1785436
File C:\Program Files\Python38\Lib\asyncio\runners.py first seen with mtime 1620014042.0
File C:\hellodjango\myhello\views.py first seen with mtime 1622882920.7697573
File C:\Program Files\Python38\Lib\email\mime\__init__.py first seen with mtime 1620014042.0
File C:\Program Files\Python38\Lib\linecache.py first seen with mtime 1620014042.0
File C:\py3.8\Lib\site-packages\django\db\models\aggregates.py first seen with mtime 1622879955.062854
File C:\py3.8\Lib\site-packages\django\db\models\functions\math.py first seen with mtime 1622879955.0887837
File C:\py3.8\Lib\site-packages\django\db\migrations\__init__.py first seen with mtime 1622879955.0439038
File C:\py3.8\Lib\site-packages\django\db\migrations\migration.py first seen with mtime 1622879955.049888
File C:\Program Files\Python38\Lib\asyncio\constants.py first seen with mtime 1620014042.0
File C:\py3.8\Lib\site-packages\django\template\library.py first seen with mtime 1622879955.1775465
File C:\Program Files\Python38\Lib\asyncio\windows_events.py first seen with mtime 1620014042.0
File C:\Program Files\Python38\Lib\email\policy.py first seen with mtime 1620014042.0
File C:\Program Files\Python38\Lib\sqlite3\dbapi2.py first seen with mtime 1620014042.0
File C:\Program Files\Python38\Lib\copyreg.py first seen with mtime 1620014042.0
File C:\py3.8\Lib\site-packages\django\template\response.py first seen with mtime 1622879955.179541
File C:\py3.8\Lib\site-packages\django\utils\numberformat.py first seen with mtime 1622879955.2323997
File C:\py3.8\Lib\site-packages\django\contrib\sessions\middleware.py first seen with mtime 1622879954.4910977
File C:\Program Files\Python38\Lib\wsgiref\headers.py first seen with mtime 1620014044.0
File C:\py3.8\Lib\site-packages\django\conf\__init__.py first seen with mtime 1622879952.068453
File C:\py3.8\Lib\site-packages\django\urls\__init__.py first seen with mtime 1622879955.2024796
File C:\py3.8\Lib\site-packages\django\contrib\messages\constants.py first seen with mtime 1622879954.1568706
File C:\Program Files\Python38\Lib\concurrent\futures\_base.py first seen with mtime 1620014042.0
File C:\py3.8\Lib\site-packages\django\db\models\utils.py first seen with mtime 1622879955.0758185
File C:\Program Files\Python38\Lib\urllib\__init__.py first seen with mtime 1620014044.0
File C:\py3.8\Lib\site-packages\django\views\generic\base.py first seen with mtime 1622879955.2613223
File C:\py3.8\Lib\site-packages\django\apps\config.py first seen with mtime 1622879952.06564
File C:\Program Files\Python38\DLLs\_ctypes.pyd first seen with mtime 1620014086.0
File C:\py3.8\Lib\site-packages\django\core\handlers\base.py first seen with mtime 1622879954.9521492
File C:\py3.8\Lib\site-packages\django\contrib\sessions\__init__.py first seen with mtime 1622879954.488106
File C:\py3.8\Lib\site-packages\django\utils\dateformat.py first seen with mtime 1622879955.2154455
File C:\py3.8\Lib\site-packages\django\core\checks\database.py first seen with mtime 1622879954.9332
File C:\py3.8\Lib\site-packages\django\apps\registry.py first seen with mtime 1622879952.0666358
File C:\py3.8\Lib\site-packages\django\db\models\fields\mixins.py first seen with mtime 1622879955.079808
File C:\Program Files\Python38\Lib\email\mime\nonmultipart.py first seen with mtime 1620014042.0
File C:\py3.8\Lib\site-packages\django\db\backends\sqlite3\introspection.py first seen with mtime 1622879955.040912
File C:\py3.8\Lib\site-packages\django\contrib\staticfiles\finders.py first seen with mtime 1622879954.904277
File C:\py3.8\Lib\site-packages\asgiref\local.py first seen with mtime 1622879951.9974804
File C:\py3.8\Lib\site-packages\django\core\servers\basehttp.py first seen with mtime 1622879954.996032
File C:\py3.8\Lib\site-packages\django\template\utils.py first seen with mtime 1622879955.1815357
File C:\py3.8\Lib\site-packages\django\urls\conf.py first seen with mtime 1622879955.2034771
File C:\Program Files\Python38\DLLs\_sqlite3.pyd first seen with mtime 1620014086.0
File C:\Program Files\Python38\Lib\getpass.py first seen with mtime 1620014042.0
File C:\py3.8\Lib\site-packages\django\core\__init__.py first seen with mtime 1622879954.9162452
File C:\py3.8\Lib\site-packages\django\utils\topological_sort.py first seen with mtime 1622879955.2383835
File C:\py3.8\Lib\site-packages\django\core\serializers\json.py first seen with mtime 1622879954.9910457
File C:\py3.8\Lib\site-packages\django\contrib\contenttypes\admin.py first seen with mtime 1622879953.3233325
File C:\py3.8\Lib\site-packages\django\core\files\base.py first seen with mtime 1622879954.9431734
File C:\py3.8\Lib\site-packages\django\utils\translation\trans_real.py first seen with mtime 1622879955.2443678
File C:\py3.8\Lib\site-packages\django\contrib\auth\middleware.py first seen with mtime 1622879953.0868502
File C:\Program Files\Python38\DLLs\_hashlib.pyd first seen with mtime 1620014086.0
File C:\Program Files\Python38\Lib\datetime.py first seen with mtime 1620014042.0
File C:\Program Files\Python38\Lib\email\charset.py first seen with mtime 1620014042.0
File C:\py3.8\Lib\site-packages\asgiref\sync.py first seen with mtime 1622879952.00046
File C:\py3.8\Lib\site-packages\django\contrib\auth\models.py first seen with mtime 1622879953.088845
File C:\py3.8\Lib\site-packages\django\utils\cache.py first seen with mtime 1622879955.2124531
File C:\py3.8\Lib\site-packages\django\contrib\auth\forms.py first seen with mtime 1622879953.0848541
File C:\Program Files\Python38\Lib\logging\config.py first seen with mtime 1620014042.0
File C:\Program Files\Python38\Lib\asyncio\windows_utils.py first seen with mtime 1620014042.0
File C:\Program Files\Python38\Lib\asyncio\base_subprocess.py first seen with mtime 1620014042.0
File C:\py3.8\Lib\site-packages\django\db\backends\base\introspection.py first seen with mtime 1622879955.0060053
File C:\py3.8\Lib\site-packages\django\db\models\fields\files.py first seen with mtime 1622879955.0788105
File C:\py3.8\Lib\site-packages\django\db\models\functions\mixins.py first seen with mtime 1622879955.0897815
File C:\Program Files\Python38\Lib\warnings.py first seen with mtime 1620014044.0
File C:\Program Files\Python38\Lib\gzip.py first seen with mtime 1620014042.0
File C:\Program Files\Python38\Lib\unittest\result.py first seen with mtime 1620014044.0
File C:\py3.8\Lib\site-packages\django\db\models\functions\window.py first seen with mtime 1622879955.090779
File C:\py3.8\Lib\site-packages\django\contrib\admin\options.py first seen with mtime 1622879952.391442
File C:\Program Files\Python38\Lib\http\cookies.py first seen with mtime 1620014042.0
File C:\py3.8\Lib\site-packages\django\template\autoreload.py first seen with mtime 1622879955.1705654
File C:\Program Files\Python38\Lib\asyncio\exceptions.py first seen with mtime 1620014042.0
File C:\Program Files\Python38\DLLs\_bz2.pyd first seen with mtime 1620014086.0
File C:\py3.8\Lib\site-packages\django\contrib\admin\sites.py first seen with mtime 1622879952.3924394
File C:\py3.8\Lib\site-packages\django\core\mail\message.py first seen with mtime 1622879954.9551415
File C:\py3.8\Lib\site-packages\django\utils\itercompat.py first seen with mtime 1622879955.22841
File C:\py3.8\Lib\site-packages\django\views\decorators\__init__.py first seen with mtime 1622879955.250352
File C:\Program Files\Python38\Lib\asyncio\base_tasks.py first seen with mtime 1620014042.0
File C:\py3.8\Lib\site-packages\django\db\migrations\operations\base.py first seen with mtime 1622879955.0578668
File C:\py3.8\Lib\site-packages\django\forms\utils.py first seen with mtime 1622879955.107733
File C:\py3.8\Lib\site-packages\django\core\files\images.py first seen with mtime 1622879954.9431734
File C:\py3.8\Lib\site-packages\django\db\transaction.py first seen with mtime 1622879954.9970293
File C:\py3.8\Lib\site-packages\django\template\loaders\__init__.py first seen with mtime 1622879955.1865222
File C:\Program Files\Python38\Lib\dis.py first seen with mtime 1620014042.0
File C:\Program Files\Python38\Lib\operator.py first seen with mtime 1620014042.0
File C:\Program Files\Python38\Lib\json\encoder.py first seen with mtime 1620014042.0
File C:\py3.8\Lib\site-packages\django\core\files\uploadhandler.py first seen with mtime 1622879954.9481597
File C:\py3.8\Lib\site-packages\django\utils\ipv6.py first seen with mtime 1622879955.2274127
File C:\py3.8\Lib\site-packages\django\core\cache\utils.py first seen with mtime 1622879954.924234
File C:\Program Files\Python38\Lib\_bootlocale.py first seen with mtime 1620014042.0
File C:\py3.8\Lib\site-packages\django\contrib\staticfiles\handlers.py first seen with mtime 1622879954.9052746
File C:\py3.8\Lib\site-packages\django\template\smartif.py first seen with mtime 1622879955.180539
File C:\py3.8\Lib\site-packages\django\core\signing.py first seen with mtime 1622879954.921232
File C:\Program Files\Python38\Lib\email\_parseaddr.py first seen with mtime 1620014042.0
File C:\Program Files\Python38\Lib\http\__init__.py first seen with mtime 1620014042.0
File C:\py3.8\Lib\site-packages\django\forms\widgets.py first seen with mtime 1622879955.1087303
File C:\py3.8\Lib\site-packages\django\views\generic\detail.py first seen with mtime 1622879955.2623196
File C:\py3.8\Lib\site-packages\django\forms\formsets.py first seen with mtime 1622879955.1047413
File C:\Program Files\Python38\Lib\heapq.py first seen with mtime 1620014042.0
File C:\py3.8\Lib\site-packages\django\core\checks\registry.py first seen with mtime 1622879954.9351945
File C:\py3.8\Lib\site-packages\django\db\models\fields\reverse_related.py first seen with mtime 1622879955.0847943
File C:\Program Files\Python38\Lib\asyncio\format_helpers.py first seen with mtime 1620014042.0
File C:\Program Files\Python38\Lib\hmac.py first seen with mtime 1620014042.0
File C:\py3.8\Lib\site-packages\django\views\generic\edit.py first seen with mtime 1622879955.263317
File C:\Program Files\Python38\Lib\opcode.py first seen with mtime 1620014042.0
File C:\Program Files\Python38\Lib\random.py first seen with mtime 1620014042.0
File C:\Program Files\Python38\Lib\typing.py first seen with mtime 1620014044.0
File C:\Program Files\Python38\DLLs\_queue.pyd first seen with mtime 1620014086.0
File C:\Program Files\Python38\Lib\ipaddress.py first seen with mtime 1620014042.0
File C:\Program Files\Python38\Lib\unittest\main.py first seen with mtime 1620014044.0
File C:\py3.8\Lib\site-packages\django\db\migrations\operations\fields.py first seen with mtime 1622879955.0588639
File C:\Program Files\Python38\Lib\pickle.py first seen with mtime 1620014042.0
File C:\py3.8\Lib\site-packages\django\template\defaulttags.py first seen with mtime 1622879955.1755524
File C:\Program Files\Python38\Lib\base64.py first seen with mtime 1620014042.0
File C:\Program Files\Python38\Lib\posixpath.py first seen with mtime 1620014042.0
File C:\Program Files\Python38\Lib\hashlib.py first seen with mtime 1620014042.0
File C:\py3.8\Lib\site-packages\django\utils\duration.py first seen with mtime 1622879955.2204318
File C:\py3.8\Lib\site-packages\django\utils\regex_helper.py first seen with mtime 1622879955.233397
File C:\py3.8\Lib\site-packages\django\utils\text.py first seen with mtime 1622879955.2353916
File C:\py3.8\Lib\site-packages\django\utils\module_loading.py first seen with mtime 1622879955.2314022
File C:\py3.8\Lib\site-packages\django\contrib\admin\checks.py first seen with mtime 1622879952.3854582
File C:\py3.8\Lib\site-packages\django\db\models\signals.py first seen with mtime 1622879955.0758185
File C:\py3.8\Lib\site-packages\sqlparse\filters\output.py first seen with mtime 1622879951.4045625
File C:\py3.8\Lib\site-packages\django\templatetags\static.py first seen with mtime 1622879955.1945007
File C:\Program Files\Python38\Lib\weakref.py first seen with mtime 1620014044.0
File C:\py3.8\Lib\site-packages\django\db\models\fields\related.py first seen with mtime 1622879955.0818024
File C:\py3.8\Lib\site-packages\django\core\handlers\__init__.py first seen with mtime 1622879954.950155
File C:\py3.8\Lib\site-packages\django\core\checks\translation.py first seen with mtime 1622879954.937189
File C:\Program Files\Python38\Lib\email\mime\multipart.py first seen with mtime 1620014042.0
File C:\py3.8\Lib\site-packages\django\template\context.py first seen with mtime 1622879955.1725597
File C:\Program Files\Python38\Lib\signal.py first seen with mtime 1620014042.0
File C:\py3.8\Lib\site-packages\django\db\models\lookups.py first seen with mtime 1622879955.0708318
File C:\py3.8\Lib\site-packages\sqlparse\lexer.py first seen with mtime 1622879951.3943853
File C:\py3.8\Lib\site-packages\django\contrib\__init__.py first seen with mtime 1622879952.3823037
File C:\py3.8\Lib\site-packages\django\forms\renderers.py first seen with mtime 1622879955.106736
File C:\py3.8\Lib\site-packages\django\utils\version.py first seen with mtime 1622879955.239381
File C:\py3.8\Lib\site-packages\django\db\backends\ddl_references.py first seen with mtime 1622879955.000022
File C:\Program Files\Python38\Lib\traceback.py first seen with mtime 1620014044.0
File C:\py3.8\Lib\site-packages\django\http\__init__.py first seen with mtime 1622879955.1575997
File C:\py3.8\Lib\site-packages\django\core\files\temp.py first seen with mtime 1622879954.9461653
File C:\Program Files\Python38\Lib\pkgutil.py first seen with mtime 1620014042.0
File C:\Program Files\Python38\Lib\selectors.py first seen with mtime 1620014042.0
File C:\py3.8\Lib\site-packages\django\core\files\__init__.py first seen with mtime 1622879954.942176
File C:\py3.8\Lib\site-packages\django\utils\datastructures.py first seen with mtime 1622879955.2144477
File C:\py3.8\Lib\site-packages\sqlparse\exceptions.py first seen with mtime 1622879951.3905876
File C:\py3.8\Lib\site-packages\asgiref\__init__.py first seen with mtime 1622879951.99537
File C:\Program Files\Python38\Lib\unittest\util.py first seen with mtime 1620014044.0
File C:\Program Files\Python38\Lib\glob.py first seen with mtime 1620014042.0
File C:\Program Files\Python38\Lib\functools.py first seen with mtime 1620014042.0
File C:\py3.8\Lib\site-packages\django\db\backends\base\validation.py first seen with mtime 1622879955.008
File C:\Program Files\Python38\Lib\asyncio\selector_events.py first seen with mtime 1620014042.0
File C:\Program Files\Python38\Lib\email\errors.py first seen with mtime 1620014042.0
File C:\py3.8\Lib\site-packages\sqlparse\utils.py first seen with mtime 1622879951.3975828
File C:\py3.8\Lib\site-packages\django\contrib\auth\hashers.py first seen with mtime 1622879953.0858529
File C:\Program Files\Python38\Lib\site.py first seen with mtime 1620014042.0
File C:\Program Files\Python38\Lib\asyncio\locks.py first seen with mtime 1620014042.0
File C:\Program Files\Python38\Lib\locale.py first seen with mtime 1620014042.0
File C:\Program Files\Python38\Lib\urllib\response.py first seen with mtime 1620014044.0
File C:\py3.8\Lib\site-packages\django\db\models\functions\__init__.py first seen with mtime 1622879955.085792
File C:\py3.8\Lib\site-packages\django\middleware\csrf.py first seen with mtime 1622879955.1655784
File C:\Program Files\Python38\Lib\encodings\cp950.py first seen with mtime 1620014042.0
File C:\py3.8\Lib\site-packages\django\db\models\query.py first seen with mtime 1622879955.0738242
File C:\py3.8\Lib\site-packages\django\db\models\functions\comparison.py first seen with mtime 1622879955.0867891
File C:\Program Files\Python38\Lib\importlib\__init__.py first seen with mtime 1620014042.0
File C:\py3.8\Lib\site-packages\django\middleware\security.py first seen with mtime 1622879955.1685703
File C:\py3.8\Lib\site-packages\django\db\backends\utils.py first seen with mtime 1622879955.0010185
File C:\py3.8\Lib\site-packages\django\views\decorators\debug.py first seen with mtime 1622879955.2563357
File C:\Program Files\Python38\DLLs\_overlapped.pyd first seen with mtime 1620014086.0
File C:\Program Files\Python38\Lib\email\_policybase.py first seen with mtime 1620014042.0
File C:\Program Files\Python38\Lib\wsgiref\util.py first seen with mtime 1620014044.0
File C:\Program Files\Python38\Lib\encodings\latin_1.py first seen with mtime 1620014042.0
File C:\Program Files\Python38\Lib\codecs.py first seen with mtime 1620014042.0
File C:\py3.8\Lib\site-packages\django\utils\deconstruct.py first seen with mtime 1622879955.2184372
File C:\Program Files\Python38\Lib\tokenize.py first seen with mtime 1620014044.0
File C:\py3.8\Lib\site-packages\django\core\checks\security\sessions.py first seen with mtime 1622879954.9411788
File C:\py3.8\Lib\site-packages\django\db\models\functions\datetime.py first seen with mtime 1622879955.0877864
File C:\py3.8\Lib\site-packages\django\views\debug.py first seen with mtime 1622879955.24736
File C:\Program Files\Python38\DLLs\_asyncio.pyd first seen with mtime 1620014086.0
File C:\py3.8\Lib\site-packages\django\contrib\admin\templatetags\__init__.py first seen with mtime 1622879952.8933606
File C:\py3.8\Lib\site-packages\django\contrib\admin\widgets.py first seen with mtime 1622879952.3944345
File C:\py3.8\Lib\site-packages\django\db\migrations\operations\__init__.py first seen with mtime 1622879955.056869
File C:\hellodjango\hellodjango\settings.py first seen with mtime 1622882512.269322
File C:\Program Files\Python38\Lib\email\utils.py first seen with mtime 1620014042.0
File C:\hellodjango\hellodjango\urls.py first seen with mtime 1622882607.6921482
File C:\py3.8\Lib\site-packages\pytz\exceptions.py first seen with mtime 1622879951.487822
File C:\Program Files\Python38\Lib\importlib\abc.py first seen with mtime 1620014042.0
File C:\py3.8\Lib\site-packages\django\contrib\auth\checks.py first seen with mtime 1622879953.0824685
File C:\py3.8\Lib\site-packages\django\contrib\admin\apps.py first seen with mtime 1622879952.3844607
File C:\py3.8\Lib\site-packages\django\utils\baseconv.py first seen with mtime 1622879955.2114556
File C:\py3.8\Lib\site-packages\django\core\mail\__init__.py first seen with mtime 1622879954.954144
File C:\Program Files\Python38\Lib\decimal.py first seen with mtime 1620014042.0
File C:\py3.8\Lib\site-packages\django\core\cache\backends\filebased.py first seen with mtime 1622879954.9282131
File C:\hellodjango\myhello\admin.py first seen with mtime 1622882476.0456226
File C:\py3.8\Lib\site-packages\django\contrib\staticfiles\views.py first seen with mtime 1622879954.9092638
File C:\py3.8\Lib\site-packages\django\db\models\functions\text.py first seen with mtime 1622879955.0897815
File C:\py3.8\Lib\site-packages\django\core\management\base.py first seen with mtime 1622879954.9641173
File C:\Program Files\Python38\Lib\ctypes\_endian.py first seen with mtime 1620014042.0
File C:\py3.8\Lib\site-packages\django\contrib\contenttypes\apps.py first seen with mtime 1622879953.3243299
File C:\py3.8\Lib\site-packages\django\utils\inspect.py first seen with mtime 1622879955.2264156
File C:\Program Files\Python38\Lib\unittest\signals.py first seen with mtime 1620014044.0
File C:\py3.8\Lib\site-packages\django\template\exceptions.py first seen with mtime 1622879955.1765492
File C:\py3.8\Lib\site-packages\django\contrib\sessions\models.py first seen with mtime 1622879954.4910977
File C:\Program Files\Python38\Lib\collections\__init__.py first seen with mtime 1620014042.0
File C:\py3.8\Lib\site-packages\django\contrib\admin\__init__.py first seen with mtime 1622879952.383505
File C:\py3.8\Lib\site-packages\sqlparse\keywords.py first seen with mtime 1622879951.3933895
File C:\Program Files\Python38\Lib\uuid.py first seen with mtime 1620014044.0
File C:\py3.8\Lib\site-packages\django\core\management\commands\__init__.py first seen with mtime 1622879954.9691038
File C:\Program Files\Python38\Lib\asyncio\futures.py first seen with mtime 1620014042.0
File C:\Program Files\Python38\Lib\urllib\request.py first seen with mtime 1620014044.0
File C:\py3.8\Lib\site-packages\sqlparse\filters\others.py first seen with mtime 1622879951.4035654
File C:\py3.8\Lib\site-packages\django\templatetags\l10n.py first seen with mtime 1622879955.1935036
File C:\py3.8\Lib\site-packages\sqlparse\engine\__init__.py first seen with mtime 1622879951.3985786
File C:\py3.8\Lib\site-packages\django\contrib\contenttypes\__init__.py first seen with mtime 1622879953.322335
File C:\py3.8\Lib\site-packages\django\utils\connection.py first seen with mtime 1622879955.213451
File C:\py3.8\Lib\site-packages\django\utils\http.py first seen with mtime 1622879955.2264156
File C:\py3.8\Lib\site-packages\django\db\models\enums.py first seen with mtime 1622879955.0678399
File C:\py3.8\Lib\site-packages\django\core\cache\backends\__init__.py first seen with mtime 1622879954.9252212
File C:\Program Files\Python38\Lib\sqlite3\__init__.py first seen with mtime 1620014042.0
File C:\py3.8\Lib\site-packages\django\contrib\admin\templatetags\log.py first seen with mtime 1622879952.8983314
File C:\py3.8\Lib\site-packages\django\db\models\constraints.py first seen with mtime 1622879955.0658453
File C:\py3.8\Lib\site-packages\sqlparse\engine\filter_stack.py first seen with mtime 1622879951.399576
File C:\Program Files\Python38\Lib\asyncio\subprocess.py first seen with mtime 1620014042.0
File C:\Program Files\Python38\DLLs\_decimal.pyd first seen with mtime 1620014086.0
File C:\Program Files\Python38\Lib\argparse.py first seen with mtime 1620014042.0
File C:\py3.8\Lib\site-packages\django\contrib\admin\views\main.py first seen with mtime 1622879952.9013233
File C:\py3.8\Lib\site-packages\django\utils\timesince.py first seen with mtime 1622879955.2363892
File C:\Program Files\Python38\Lib\asyncio\sslproto.py first seen with mtime 1620014042.0
File C:\Program Files\Python38\Lib\abc.py first seen with mtime 1620014042.0
File C:\Program Files\Python38\Lib\asyncio\coroutines.py first seen with mtime 1620014042.0
File C:\Program Files\Python38\Lib\os.py first seen with mtime 1620014042.0
File C:\py3.8\Lib\site-packages\django\template\backends\django.py first seen with mtime 1622879955.1835303
File C:\py3.8\Lib\site-packages\django\core\serializers\python.py first seen with mtime 1622879954.9930398
File C:\py3.8\Lib\site-packages\django\views\decorators\csrf.py first seen with mtime 1622879955.2553394
File C:\py3.8\Lib\site-packages\django\views\csrf.py first seen with mtime 1622879955.2463622
File C:\py3.8\Lib\site-packages\django\db\migrations\executor.py first seen with mtime 1622879955.046896
File C:\py3.8\Lib\site-packages\django\contrib\auth\migrations\0010_alter_group_name_max_length.py first seen with mtime 1622879953.3173492
File C:\py3.8\Lib\site-packages\django\contrib\auth\migrations\0009_alter_user_last_name_max_length.py first seen with mtime 1622879953.3173492
File C:\py3.8\Lib\site-packages\django\contrib\auth\migrations\0002_alter_permission_name_max_length.py first seen with mtime 1622879953.3113644
File C:\py3.8\Lib\site-packages\django\contrib\sessions\migrations\0001_initial.py first seen with mtime 1622879954.6750028
File C:\py3.8\Lib\site-packages\django\middleware\clickjacking.py first seen with mtime 1622879955.1635842
File C:\Program Files\Python38\Lib\encodings\idna.py first seen with mtime 1620014042.0
File C:\py3.8\Lib\site-packages\django\contrib\sessions\exceptions.py first seen with mtime 1622879954.4901004
File C:\Program Files\Python38\Lib\stringprep.py first seen with mtime 1620014042.0
File C:\py3.8\Lib\site-packages\django\db\migrations\recorder.py first seen with mtime 1622879955.0528798
File C:\py3.8\Lib\site-packages\django\contrib\auth\migrations\0007_alter_validators_add_error_messages.py first seen with mtime 1622879953.3153539
File C:\py3.8\Lib\site-packages\django\contrib\contenttypes\migrations\0002_remove_content_type_name.py first seen with mtime 1622879953.4983227
File C:\py3.8\Lib\site-packages\django\contrib\sessions\backends\db.py first seen with mtime 1622879954.4960845
File C:\py3.8\Lib\site-packages\django\contrib\auth\migrations\0003_alter_user_email_max_length.py first seen with mtime 1622879953.3123617
File C:\py3.8\Lib\site-packages\django\db\migrations\graph.py first seen with mtime 1622879955.047893
File C:\py3.8\Lib\site-packages\django\contrib\admin\migrations\__init__.py first seen with mtime 1622879952.744742
File C:\py3.8\Lib\site-packages\django\contrib\sessions\backends\base.py first seen with mtime 1622879954.49409
File C:\py3.8\Lib\site-packages\django\contrib\auth\migrations\0004_alter_user_username_opts.py first seen with mtime 1622879953.3133595
File C:\py3.8\Lib\site-packages\django\contrib\auth\migrations\0011_update_proxy_permissions.py first seen with mtime 1622879953.3183458
File C:\py3.8\Lib\site-packages\django\core\cache\backends\locmem.py first seen with mtime 1622879954.9292104
File C:\py3.8\Lib\site-packages\django\contrib\admin\migrations\0001_initial.py first seen with mtime 1622879952.7427475
File C:\py3.8\Lib\site-packages\django\contrib\sessions\backends\__init__.py first seen with mtime 1622879954.4930925
File C:\py3.8\Lib\site-packages\django\contrib\messages\middleware.py first seen with mtime 1622879954.1588655
File C:\py3.8\Lib\site-packages\django\contrib\auth\migrations\0005_alter_user_last_login_null.py first seen with mtime 1622879953.3143563
File C:\hellodjango\myhello\migrations\__init__.py first seen with mtime 1622882476.0712755
File C:\py3.8\Lib\site-packages\django\contrib\admin\migrations\0002_logentry_remove_auto_add.py first seen with mtime 1622879952.7427475
File C:\py3.8\Lib\site-packages\django\contrib\contenttypes\migrations\__init__.py first seen with mtime 1622879953.4983227
File C:\py3.8\Lib\site-packages\django\contrib\auth\migrations\0008_alter_user_username_max_length.py first seen with mtime 1622879953.316351
File C:\py3.8\Lib\site-packages\django\contrib\auth\migrations\__init__.py first seen with mtime 1622879953.3203404
File C:\py3.8\Lib\site-packages\django\contrib\admin\migrations\0003_logentry_add_action_flag_choices.py first seen with mtime 1622879952.743745
File C:\py3.8\Lib\site-packages\django\contrib\auth\migrations\0006_require_contenttypes_0002.py first seen with mtime 1622879953.3153539
File C:\py3.8\Lib\site-packages\django\contrib\auth\migrations\0012_alter_user_first_name_max_length.py first seen with mtime 1622879953.319343
File C:\py3.8\Lib\site-packages\django\middleware\common.py first seen with mtime 1622879955.164581
File C:\hellodjango\hellodjango\wsgi.py first seen with mtime 1622880138.2688718
File C:\py3.8\Lib\site-packages\django\contrib\sessions\migrations\__init__.py first seen with mtime 1622879954.6759994
File C:\py3.8\Lib\site-packages\django\db\migrations\loader.py first seen with mtime 1622879955.0488904
File C:\py3.8\Lib\site-packages\django\contrib\contenttypes\migrations\0001_initial.py first seen with mtime 1622879953.4973254
File C:\py3.8\Lib\site-packages\django\contrib\auth\migrations\0001_initial.py first seen with mtime 1622879953.3113644
Exception while resolving variable 'name' in template 'unknown'.
Traceback (most recent call last):
  File "C:\py3.8\lib\site-packages\django\core\handlers\exception.py", line 47, in inner
    response = get_response(request)
  File "C:\py3.8\lib\site-packages\django\core\handlers\base.py", line 167, in _get_response
    callback, callback_args, callback_kwargs = self.resolve_request(request)
  File "C:\py3.8\lib\site-packages\django\core\handlers\base.py", line 290, in resolve_request
    resolver_match = resolver.resolve(request.path_info)
  File "C:\py3.8\lib\site-packages\django\urls\resolvers.py", line 585, in resolve
    raise Resolver404({'tried': tried, 'path': new_path})
django.urls.exceptions.Resolver404: {'tried': [[<URLResolver <URLPattern list> (admin:admin) 'admin/'>], [<URLResolver <module 'myhello.urls' from 'C:\\hellodjango\\myhello\\urls.py'> (None:None) 'myhello/'>]], 'path': ''}

During handling of the above exception, another exception occurred:

Traceback (most recent call last):
  File "C:\py3.8\lib\site-packages\django\template\base.py", line 829, in _resolve_lookup
    current = current[bit]
TypeError: 'URLResolver' object is not subscriptable

During handling of the above exception, another exception occurred:

Traceback (most recent call last):
  File "C:\py3.8\lib\site-packages\django\template\base.py", line 837, in _resolve_lookup
    current = getattr(current, bit)
AttributeError: 'URLResolver' object has no attribute 'name'

During handling of the above exception, another exception occurred:

Traceback (most recent call last):
  File "C:\py3.8\lib\site-packages\django\template\base.py", line 843, in _resolve_lookup
    current = current[int(bit)]
ValueError: invalid literal for int() with base 10: 'name'

During handling of the above exception, another exception occurred:

Traceback (most recent call last):
  File "C:\py3.8\lib\site-packages\django\template\base.py", line 848, in _resolve_lookup
    raise VariableDoesNotExist("Failed lookup for key "
django.template.base.VariableDoesNotExist: Failed lookup for key [name] in <URLResolver <URLPattern list> (admin:admin) 'admin/'>
Exception while resolving variable 'name' in template 'unknown'.
Traceback (most recent call last):
  File "C:\py3.8\lib\site-packages\django\core\handlers\exception.py", line 47, in inner
    response = get_response(request)
  File "C:\py3.8\lib\site-packages\django\core\handlers\base.py", line 167, in _get_response
    callback, callback_args, callback_kwargs = self.resolve_request(request)
  File "C:\py3.8\lib\site-packages\django\core\handlers\base.py", line 290, in resolve_request
    resolver_match = resolver.resolve(request.path_info)
  File "C:\py3.8\lib\site-packages\django\urls\resolvers.py", line 585, in resolve
    raise Resolver404({'tried': tried, 'path': new_path})
django.urls.exceptions.Resolver404: {'tried': [[<URLResolver <URLPattern list> (admin:admin) 'admin/'>], [<URLResolver <module 'myhello.urls' from 'C:\\hellodjango\\myhello\\urls.py'> (None:None) 'myhello/'>]], 'path': ''}

During handling of the above exception, another exception occurred:

Traceback (most recent call last):
  File "C:\py3.8\lib\site-packages\django\template\base.py", line 829, in _resolve_lookup
    current = current[bit]
TypeError: 'URLResolver' object is not subscriptable

During handling of the above exception, another exception occurred:

Traceback (most recent call last):
  File "C:\py3.8\lib\site-packages\django\template\base.py", line 837, in _resolve_lookup
    current = getattr(current, bit)
AttributeError: 'URLResolver' object has no attribute 'name'

During handling of the above exception, another exception occurred:

Traceback (most recent call last):
  File "C:\py3.8\lib\site-packages\django\template\base.py", line 843, in _resolve_lookup
    current = current[int(bit)]
ValueError: invalid literal for int() with base 10: 'name'

During handling of the above exception, another exception occurred:

Traceback (most recent call last):
  File "C:\py3.8\lib\site-packages\django\template\base.py", line 848, in _resolve_lookup
    raise VariableDoesNotExist("Failed lookup for key "
django.template.base.VariableDoesNotExist: Failed lookup for key [name] in <URLResolver <module 'myhello.urls' from 'C:\\hellodjango\\myhello\\urls.py'> (None:None) 'myhello/'>
Not Found: /
"GET / HTTP/1.1" 404 2172
File C:\py3.8\Lib\site-packages\django\contrib\messages\utils.py first seen with mtime 1622879954.1588655
File C:\py3.8\Lib\site-packages\django\contrib\messages\storage\fallback.py first seen with mtime 1622879954.163852
File C:\py3.8\Lib\site-packages\django\contrib\messages\storage\cookie.py first seen with mtime 1622879954.1628547
File C:\py3.8\Lib\site-packages\django\contrib\sessions\serializers.py first seen with mtime 1622879954.492095
File C:\py3.8\Lib\site-packages\django\contrib\messages\storage\base.py first seen with mtime 1622879954.1618571
File C:\py3.8\Lib\site-packages\django\contrib\messages\storage\session.py first seen with mtime 1622879954.163852
"GET /myhello HTTP/1.1" 301 0
"GET /myhello/ HTTP/1.1" 200 9
